2026-04-02 21:38:18,444 [INFO] 위성 수집 시작: date=2026-04-02
2026-04-02 21:38:18,444 [INFO] 로그 파일: logs\2026-04-02\collect_satellite.log
2026-04-02 21:38:18,449 [INFO] 요청 주소: https://apihub.kma.go.kr/api/typ05/api/GK2A/LE1B/WV063/EA/imageList?sDate=202603311800&eDate=202603311800&format=json&authKey=wf%2A%2A%2A%2AoA
2026-04-02 21:38:23,460 [INFO] 다운로드 주소: https://apihub.kma.go.kr/api/typ05/api/GK2A/LE1B/WV063/EA/image?date=202603311800&authKey=wf%2A%2A%2A%2AoA
2026-04-02 21:38:24,054 [INFO] 요청 주소: https://apihub.kma.go.kr/api/typ05/api/GK2A/LE1B/WV063/EA/imageList?sDate=202604010000&eDate=202604010000&format=json&authKey=wf%2A%2A%2A%2AoA
2026-04-02 21:38:24,470 [INFO] 다운로드 주소: https://apihub.kma.go.kr/api/typ05/api/GK2A/LE1B/WV063/EA/image?date=202604010000&authKey=wf%2A%2A%2A%2AoA
2026-04-02 21:38:24,995 [INFO] 요청 주소: https://apihub.kma.go.kr/api/typ05/api/GK2A/LE1B/WV063/EA/imageList?sDate=202604010600&eDate=202604010600&format=json&authKey=wf%2A%2A%2A%2AoA
2026-04-02 21:38:26,360 [INFO] 다운로드 주소: https://apihub.kma.go.kr/api/typ05/api/GK2A/LE1B/WV063/EA/image?date=202604010600&authKey=wf%2A%2A%2A%2AoA
2026-04-02 21:38:26,953 [INFO] 요청 주소: https://apihub.kma.go.kr/api/typ05/api/GK2A/LE1B/WV063/EA/imageList?sDate=202604011200&eDate=202604011200&format=json&authKey=wf%2A%2A%2A%2AoA
2026-04-02 21:38:27,602 [INFO] 다운로드 주소: https://apihub.kma.go.kr/api/typ05/api/GK2A/LE1B/WV063/EA/image?date=202604011200&authKey=wf%2A%2A%2A%2AoA
2026-04-02 21:38:28,135 [INFO] 요청 주소: https://apihub.kma.go.kr/api/typ05/api/GK2A/LE1B/WV063/EA/imageList?sDate=202604011800&eDate=202604011800&format=json&authKey=wf%2A%2A%2A%2AoA
2026-04-02 21:38:29,225 [INFO] 다운로드 주소: https://apihub.kma.go.kr/api/typ05/api/GK2A/LE1B/WV063/EA/image?date=202604011800&authKey=wf%2A%2A%2A%2AoA
2026-04-02 21:38:32,079 [INFO] 요청 주소: https://apihub.kma.go.kr/api/typ05/api/GK2A/LE1B/WV063/KO/imageList?sDate=202603311800&eDate=202603311800&format=json&authKey=wf%2A%2A%2A%2AoA
2026-04-02 21:38:41,286 [INFO] 다운로드 주소: https://apihub.kma.go.kr/api/typ05/api/GK2A/LE1B/WV063/KO/image?date=202603311800&authKey=wf%2A%2A%2A%2AoA
2026-04-02 21:38:44,393 [INFO] 요청 주소: https://apihub.kma.go.kr/api/typ05/api/GK2A/LE1B/WV063/KO/imageList?sDate=202604010000&eDate=202604010000&format=json&authKey=wf%2A%2A%2A%2AoA
2026-04-02 21:38:50,363 [INFO] 다운로드 주소: https://apihub.kma.go.kr/api/typ05/api/GK2A/LE1B/WV063/KO/image?date=202604010000&authKey=wf%2A%2A%2A%2AoA
2026-04-02 21:38:52,841 [INFO] 요청 주소: https://apihub.kma.go.kr/api/typ05/api/GK2A/LE1B/WV063/KO/imageList?sDate=202604010600&eDate=202604010600&format=json&authKey=wf%2A%2A%2A%2AoA
2026-04-02 21:38:58,570 [INFO] 다운로드 주소: https://apihub.kma.go.kr/api/typ05/api/GK2A/LE1B/WV063/KO/image?date=202604010600&authKey=wf%2A%2A%2A%2AoA
2026-04-02 21:38:58,838 [INFO] 요청 주소: https://apihub.kma.go.kr/api/typ05/api/GK2A/LE1B/WV063/KO/imageList?sDate=202604011200&eDate=202604011200&format=json&authKey=wf%2A%2A%2A%2AoA
2026-04-02 21:39:05,993 [INFO] 다운로드 주소: https://apihub.kma.go.kr/api/typ05/api/GK2A/LE1B/WV063/KO/image?date=202604011200&authKey=wf%2A%2A%2A%2AoA
2026-04-02 21:39:07,199 [INFO] 요청 주소: https://apihub.kma.go.kr/api/typ05/api/GK2A/LE1B/WV063/KO/imageList?sDate=202604011800&eDate=202604011800&format=json&authKey=wf%2A%2A%2A%2AoA
2026-04-02 21:39:13,949 [INFO] 다운로드 주소: https://apihub.kma.go.kr/api/typ05/api/GK2A/LE1B/WV063/KO/image?date=202604011800&authKey=wf%2A%2A%2A%2AoA
2026-04-02 21:39:14,225 [INFO] 수집 실패 건수: 0
2026-04-02 21:39:14,342 [INFO] primary 검증 PASS
