2026-04-02 21:36:27,103 [INFO] 수집 시작: date=2026-04-02
2026-04-02 21:36:27,103 [INFO] 로그 파일: logs\2026-04-02\collect_asos.log
2026-04-02 21:36:27,109 [INFO] 수집 단계=primary
2026-04-02 21:36:27,110 [INFO] 수집 시간창: startDt=20260401,startHh=07,endDt=20260402,endHh=07 (2026-04-01 07:00 ~ 2026-04-02 07:59)
2026-04-02 21:36:27,110 [INFO] 관측소 ID 개수: 95
2026-04-02 21:36:27,110 [INFO] 관측소 목록 파일: \\?\D:\99.project\03.WeatherAIBrief\config\asos_stn_ids.txt
2026-04-02 21:36:27,111 [INFO] 일괄 호출 시작: stn_id 개수=95, tm1=202604010700, tm2=202604020700
2026-04-02 21:36:27,111 [INFO] 요청 주소: https://apihub.kma.go.kr/api/typ01/url/kma_sfctm3.php?authKey=wf%2A%2A%2A%2AoA&tm1=202604010700&tm2=202604020700&stn_id=90,93,95,98,99,100,101,102,104,105,106,108,112,114,115,119,121,127,129,130,131,133,135,136,137,138,140,143,146,152,155,156,159,162,165,168,169,170,172,174,177,184,185,188,189,192,201,202,203,211,212,216,217,221,226,232,235,236,238,239,243,244,245,247,248,251,252,253,254,255,257,258,259,260,261,262,263,264,266,268,271,272,273,276,277,278,279,281,283,284,285,288,289,294,295
2026-04-02 21:36:27,611 [INFO] 일괄 호출 성공: 수집 건수=2424
2026-04-02 21:36:27,611 [INFO] 수집 결과 건수: 2424
2026-04-02 21:36:27,612 [WARNING] 요청 목록 외/무효 지점 행 제외(primary): 50건
2026-04-02 21:36:27,612 [INFO] 필터 적용 후 수집 건수: 2374
2026-04-02 21:36:27,657 [INFO] raw 저장 완료: \\?\D:\99.project\03.WeatherAIBrief\dain\2026-04-02\asos\asos_hourly.csv
2026-04-02 21:36:27,722 [INFO] curated 저장 완료: \\?\D:\99.project\03.WeatherAIBrief\dain\2026-04-02\curated\asos\asos_daily_summary.csv
2026-04-02 21:36:27,887 [INFO] 복구 대기: 60초
2026-04-02 21:37:27,888 [INFO] 복구 호출: stnId=253, tm1=202604020200, tm2=202604020200
2026-04-02 21:37:27,890 [INFO] 요청 주소: https://apihub.kma.go.kr/api/typ01/url/kma_sfctm3.php?authKey=wf%2A%2A%2A%2AoA&tm1=202604020200&tm2=202604020200&stn=253
2026-04-02 21:37:29,038 [WARNING] 복구 호출 재시도 대기: stnId=253, attempt=1/3, wait=2.0s, resultCode=EMPTY_RESPONSE
2026-04-02 21:37:31,038 [INFO] 요청 주소: https://apihub.kma.go.kr/api/typ01/url/kma_sfctm3.php?authKey=wf%2A%2A%2A%2AoA&tm1=202604020200&tm2=202604020200&stn=253
2026-04-02 21:37:31,250 [WARNING] 복구 호출 재시도 대기: stnId=253, attempt=2/3, wait=4.0s, resultCode=EMPTY_RESPONSE
2026-04-02 21:37:35,251 [INFO] 요청 주소: https://apihub.kma.go.kr/api/typ01/url/kma_sfctm3.php?authKey=wf%2A%2A%2A%2AoA&tm1=202604020200&tm2=202604020200&stn=253
2026-04-02 21:37:36,315 [WARNING] 복구 호출 재시도 대기: stnId=253, attempt=3/3, wait=8.0s, resultCode=EMPTY_RESPONSE
2026-04-02 21:37:44,316 [INFO] 요청 주소: https://apihub.kma.go.kr/api/typ01/url/kma_sfctm3.php?authKey=wf%2A%2A%2A%2AoA&tm1=202604020200&tm2=202604020200&stn=253
2026-04-02 21:37:44,528 [WARNING] 복구 호출 실패: 1건
2026-04-02 21:37:44,528 [ERROR] 복구 결과 0건
