2026-04-02 21:37:52,130 [INFO] 날씨누리 수집 시작: date=2026-04-02
2026-04-02 21:37:52,130 [INFO] 로그 파일: logs\2026-04-02\collect_charts.log
2026-04-02 21:37:52,135 [INFO] 다운로드 요청: 파일=surf_12h_2026040100.png, 주소=https://www.weather.go.kr/w/repositary/image/cht/img/surf_2026040100.png
2026-04-02 21:37:52,326 [INFO] 다운로드 완료: 파일=surf_12h_2026040100.png, 크기=789048
2026-04-02 21:37:52,326 [INFO] 다운로드 요청: 파일=surf_12h_2026040112.png, 주소=https://www.weather.go.kr/w/repositary/image/cht/img/surf_2026040112.png
2026-04-02 21:37:52,467 [INFO] 다운로드 완료: 파일=surf_12h_2026040112.png, 크기=799985
2026-04-02 21:37:52,468 [INFO] 다운로드 요청: 파일=sfc3_3h_2026040100.gif, 주소=https://www.weather.go.kr/w/repositary/image/cht/img/kim_sfc3_anlden_pa4_2026040100.gif
2026-04-02 21:37:52,586 [INFO] 다운로드 완료: 파일=sfc3_3h_2026040100.gif, 크기=175587
2026-04-02 21:37:52,586 [INFO] 다운로드 요청: 파일=sfc3_3h_2026040103.gif, 주소=https://www.weather.go.kr/w/repositary/image/cht/img/kim_sfc3_anlden_pa4_2026040103.gif
2026-04-02 21:37:52,682 [INFO] 다운로드 완료: 파일=sfc3_3h_2026040103.gif, 크기=171878
2026-04-02 21:37:52,682 [INFO] 다운로드 요청: 파일=sfc3_3h_2026040106.gif, 주소=https://www.weather.go.kr/w/repositary/image/cht/img/kim_sfc3_anlden_pa4_2026040106.gif
2026-04-02 21:37:52,734 [INFO] 다운로드 완료: 파일=sfc3_3h_2026040106.gif, 크기=174587
2026-04-02 21:37:52,735 [INFO] 다운로드 요청: 파일=sfc3_3h_2026040109.gif, 주소=https://www.weather.go.kr/w/repositary/image/cht/img/kim_sfc3_anlden_pa4_2026040109.gif
2026-04-02 21:37:52,849 [WARNING] 이미지 아님: content-type=text/html;charset=utf-8 주소=https://www.weather.go.kr/w/repositary/image/cht/img/kim_sfc3_anlden_pa4_2026040109.gif
2026-04-02 21:37:52,850 [INFO] 다운로드 요청: 파일=sfc3_3h_2026040112.gif, 주소=https://www.weather.go.kr/w/repositary/image/cht/img/kim_sfc3_anlden_pa4_2026040112.gif
2026-04-02 21:37:52,901 [INFO] 다운로드 완료: 파일=sfc3_3h_2026040112.gif, 크기=167906
2026-04-02 21:37:52,902 [INFO] 다운로드 요청: 파일=sfc3_3h_2026040115.gif, 주소=https://www.weather.go.kr/w/repositary/image/cht/img/kim_sfc3_anlden_pa4_2026040115.gif
2026-04-02 21:37:52,968 [WARNING] 이미지 아님: content-type=text/html;charset=utf-8 주소=https://www.weather.go.kr/w/repositary/image/cht/img/kim_sfc3_anlden_pa4_2026040115.gif
2026-04-02 21:37:52,969 [INFO] 다운로드 요청: 파일=sfc3_3h_2026040118.gif, 주소=https://www.weather.go.kr/w/repositary/image/cht/img/kim_sfc3_anlden_pa4_2026040118.gif
2026-04-02 21:37:53,028 [WARNING] 이미지 아님: content-type=text/html;charset=utf-8 주소=https://www.weather.go.kr/w/repositary/image/cht/img/kim_sfc3_anlden_pa4_2026040118.gif
2026-04-02 21:37:53,029 [INFO] 다운로드 요청: 파일=sfc3_3h_2026040121.gif, 주소=https://www.weather.go.kr/w/repositary/image/cht/img/kim_sfc3_anlden_pa4_2026040121.gif
2026-04-02 21:37:53,082 [INFO] 다운로드 완료: 파일=sfc3_3h_2026040121.gif, 크기=165348
2026-04-02 21:37:53,083 [INFO] 다운로드 요청: 파일=up92_6h_2026033118.gif, 주소=https://www.weather.go.kr/w/repositary/image/cht/img/kim_up92_anlmod_pa4_2026033118.gif
2026-04-02 21:37:53,196 [INFO] 다운로드 완료: 파일=up92_6h_2026033118.gif, 크기=145037
2026-04-02 21:37:53,197 [INFO] 다운로드 요청: 파일=up92_6h_2026040100.gif, 주소=https://www.weather.go.kr/w/repositary/image/cht/img/kim_up92_anlmod_pa4_2026040100.gif
2026-04-02 21:37:53,282 [INFO] 다운로드 완료: 파일=up92_6h_2026040100.gif, 크기=165917
2026-04-02 21:37:53,283 [INFO] 다운로드 요청: 파일=up92_6h_2026040106.gif, 주소=https://www.weather.go.kr/w/repositary/image/cht/img/kim_up92_anlmod_pa4_2026040106.gif
2026-04-02 21:37:53,339 [WARNING] 이미지 아님: content-type=text/html;charset=utf-8 주소=https://www.weather.go.kr/w/repositary/image/cht/img/kim_up92_anlmod_pa4_2026040106.gif
2026-04-02 21:37:53,340 [INFO] 다운로드 요청: 파일=up92_6h_2026040112.gif, 주소=https://www.weather.go.kr/w/repositary/image/cht/img/kim_up92_anlmod_pa4_2026040112.gif
2026-04-02 21:37:53,394 [INFO] 다운로드 완료: 파일=up92_6h_2026040112.gif, 크기=166522
2026-04-02 21:37:53,395 [INFO] 다운로드 요청: 파일=up92_6h_2026040118.gif, 주소=https://www.weather.go.kr/w/repositary/image/cht/img/kim_up92_anlmod_pa4_2026040118.gif
2026-04-02 21:37:53,466 [INFO] 다운로드 완료: 파일=up92_6h_2026040118.gif, 크기=143559
2026-04-02 21:37:53,467 [INFO] 다운로드 요청: 파일=up85_6h_2026033118.gif, 주소=https://www.weather.go.kr/w/repositary/image/cht/img/kim_up85_anlmod_pa4_2026033118.gif
2026-04-02 21:37:53,571 [INFO] 다운로드 완료: 파일=up85_6h_2026033118.gif, 크기=138056
2026-04-02 21:37:53,572 [INFO] 다운로드 요청: 파일=up85_6h_2026040100.gif, 주소=https://www.weather.go.kr/w/repositary/image/cht/img/kim_up85_anlmod_pa4_2026040100.gif
2026-04-02 21:37:53,684 [INFO] 다운로드 완료: 파일=up85_6h_2026040100.gif, 크기=167572
2026-04-02 21:37:53,685 [INFO] 다운로드 요청: 파일=up85_6h_2026040106.gif, 주소=https://www.weather.go.kr/w/repositary/image/cht/img/kim_up85_anlmod_pa4_2026040106.gif
2026-04-02 21:37:53,727 [WARNING] 이미지 아님: content-type=text/html;charset=utf-8 주소=https://www.weather.go.kr/w/repositary/image/cht/img/kim_up85_anlmod_pa4_2026040106.gif
2026-04-02 21:37:53,728 [INFO] 다운로드 요청: 파일=up85_6h_2026040112.gif, 주소=https://www.weather.go.kr/w/repositary/image/cht/img/kim_up85_anlmod_pa4_2026040112.gif
2026-04-02 21:37:53,789 [WARNING] 이미지 아님: content-type=text/html;charset=utf-8 주소=https://www.weather.go.kr/w/repositary/image/cht/img/kim_up85_anlmod_pa4_2026040112.gif
2026-04-02 21:37:53,791 [INFO] 다운로드 요청: 파일=up85_6h_2026040118.gif, 주소=https://www.weather.go.kr/w/repositary/image/cht/img/kim_up85_anlmod_pa4_2026040118.gif
2026-04-02 21:37:53,842 [WARNING] 이미지 아님: content-type=text/html;charset=utf-8 주소=https://www.weather.go.kr/w/repositary/image/cht/img/kim_up85_anlmod_pa4_2026040118.gif
2026-04-02 21:37:53,844 [INFO] 다운로드 요청: 파일=up70_6h_2026033118.gif, 주소=https://www.weather.go.kr/w/repositary/image/cht/img/kim_up70_anlmod_pa4_2026033118.gif
2026-04-02 21:37:53,954 [INFO] 다운로드 완료: 파일=up70_6h_2026033118.gif, 크기=116941
2026-04-02 21:37:53,955 [INFO] 다운로드 요청: 파일=up70_6h_2026040100.gif, 주소=https://www.weather.go.kr/w/repositary/image/cht/img/kim_up70_anlmod_pa4_2026040100.gif
2026-04-02 21:37:54,004 [INFO] 다운로드 완료: 파일=up70_6h_2026040100.gif, 크기=147446
2026-04-02 21:37:54,004 [INFO] 다운로드 요청: 파일=up70_6h_2026040106.gif, 주소=https://www.weather.go.kr/w/repositary/image/cht/img/kim_up70_anlmod_pa4_2026040106.gif
2026-04-02 21:37:54,041 [WARNING] 이미지 아님: content-type=text/html;charset=utf-8 주소=https://www.weather.go.kr/w/repositary/image/cht/img/kim_up70_anlmod_pa4_2026040106.gif
2026-04-02 21:37:54,042 [INFO] 다운로드 요청: 파일=up70_6h_2026040112.gif, 주소=https://www.weather.go.kr/w/repositary/image/cht/img/kim_up70_anlmod_pa4_2026040112.gif
2026-04-02 21:37:54,124 [INFO] 다운로드 완료: 파일=up70_6h_2026040112.gif, 크기=146314
2026-04-02 21:37:54,124 [INFO] 다운로드 요청: 파일=up70_6h_2026040118.gif, 주소=https://www.weather.go.kr/w/repositary/image/cht/img/kim_up70_anlmod_pa4_2026040118.gif
2026-04-02 21:37:54,183 [WARNING] 이미지 아님: content-type=text/html;charset=utf-8 주소=https://www.weather.go.kr/w/repositary/image/cht/img/kim_up70_anlmod_pa4_2026040118.gif
2026-04-02 21:37:54,184 [INFO] 다운로드 요청: 파일=up50_6h_2026033118.gif, 주소=https://www.weather.go.kr/w/repositary/image/cht/img/kim_up50_anlmod_pa4_2026033118.gif
2026-04-02 21:37:54,280 [INFO] 다운로드 완료: 파일=up50_6h_2026033118.gif, 크기=115785
2026-04-02 21:37:54,280 [INFO] 다운로드 요청: 파일=up50_6h_2026040100.gif, 주소=https://www.weather.go.kr/w/repositary/image/cht/img/kim_up50_anlmod_pa4_2026040100.gif
2026-04-02 21:37:54,365 [INFO] 다운로드 완료: 파일=up50_6h_2026040100.gif, 크기=147039
2026-04-02 21:37:54,366 [INFO] 다운로드 요청: 파일=up50_6h_2026040106.gif, 주소=https://www.weather.go.kr/w/repositary/image/cht/img/kim_up50_anlmod_pa4_2026040106.gif
2026-04-02 21:37:54,450 [INFO] 다운로드 완료: 파일=up50_6h_2026040106.gif, 크기=114779
2026-04-02 21:37:54,451 [INFO] 다운로드 요청: 파일=up50_6h_2026040112.gif, 주소=https://www.weather.go.kr/w/repositary/image/cht/img/kim_up50_anlmod_pa4_2026040112.gif
2026-04-02 21:37:54,513 [WARNING] 이미지 아님: content-type=text/html;charset=utf-8 주소=https://www.weather.go.kr/w/repositary/image/cht/img/kim_up50_anlmod_pa4_2026040112.gif
2026-04-02 21:37:54,514 [INFO] 다운로드 요청: 파일=up50_6h_2026040118.gif, 주소=https://www.weather.go.kr/w/repositary/image/cht/img/kim_up50_anlmod_pa4_2026040118.gif
2026-04-02 21:37:54,570 [WARNING] 이미지 아님: content-type=text/html;charset=utf-8 주소=https://www.weather.go.kr/w/repositary/image/cht/img/kim_up50_anlmod_pa4_2026040118.gif
2026-04-02 21:37:54,571 [INFO] 다운로드 요청: 파일=up30_6h_2026033118.gif, 주소=https://www.weather.go.kr/w/repositary/image/cht/img/kim_up30_anlmod_pa4_2026033118.gif
2026-04-02 21:37:54,672 [INFO] 다운로드 완료: 파일=up30_6h_2026033118.gif, 크기=124174
2026-04-02 21:37:54,673 [INFO] 다운로드 요청: 파일=up30_6h_2026040100.gif, 주소=https://www.weather.go.kr/w/repositary/image/cht/img/kim_up30_anlmod_pa4_2026040100.gif
2026-04-02 21:37:54,766 [INFO] 다운로드 완료: 파일=up30_6h_2026040100.gif, 크기=154105
2026-04-02 21:37:54,767 [INFO] 다운로드 요청: 파일=up30_6h_2026040106.gif, 주소=https://www.weather.go.kr/w/repositary/image/cht/img/kim_up30_anlmod_pa4_2026040106.gif
2026-04-02 21:37:54,845 [WARNING] 이미지 아님: content-type=text/html;charset=utf-8 주소=https://www.weather.go.kr/w/repositary/image/cht/img/kim_up30_anlmod_pa4_2026040106.gif
2026-04-02 21:37:54,846 [INFO] 다운로드 요청: 파일=up30_6h_2026040112.gif, 주소=https://www.weather.go.kr/w/repositary/image/cht/img/kim_up30_anlmod_pa4_2026040112.gif
2026-04-02 21:37:54,917 [WARNING] 이미지 아님: content-type=text/html;charset=utf-8 주소=https://www.weather.go.kr/w/repositary/image/cht/img/kim_up30_anlmod_pa4_2026040112.gif
2026-04-02 21:37:54,918 [INFO] 다운로드 요청: 파일=up30_6h_2026040118.gif, 주소=https://www.weather.go.kr/w/repositary/image/cht/img/kim_up30_anlmod_pa4_2026040118.gif
2026-04-02 21:37:55,005 [WARNING] 이미지 아님: content-type=text/html;charset=utf-8 주소=https://www.weather.go.kr/w/repositary/image/cht/img/kim_up30_anlmod_pa4_2026040118.gif
2026-04-02 21:37:55,006 [INFO] 다운로드 요청: 파일=up20_6h_2026033118.gif, 주소=https://www.weather.go.kr/w/repositary/image/cht/img/kim_up20_anlmod_pa4_2026033118.gif
2026-04-02 21:37:55,096 [INFO] 다운로드 완료: 파일=up20_6h_2026033118.gif, 크기=124819
2026-04-02 21:37:55,096 [INFO] 다운로드 요청: 파일=up20_6h_2026040100.gif, 주소=https://www.weather.go.kr/w/repositary/image/cht/img/kim_up20_anlmod_pa4_2026040100.gif
2026-04-02 21:37:55,173 [INFO] 다운로드 완료: 파일=up20_6h_2026040100.gif, 크기=153344
2026-04-02 21:37:55,173 [INFO] 다운로드 요청: 파일=up20_6h_2026040106.gif, 주소=https://www.weather.go.kr/w/repositary/image/cht/img/kim_up20_anlmod_pa4_2026040106.gif
2026-04-02 21:37:55,251 [WARNING] 이미지 아님: content-type=text/html;charset=utf-8 주소=https://www.weather.go.kr/w/repositary/image/cht/img/kim_up20_anlmod_pa4_2026040106.gif
2026-04-02 21:37:55,252 [INFO] 다운로드 요청: 파일=up20_6h_2026040112.gif, 주소=https://www.weather.go.kr/w/repositary/image/cht/img/kim_up20_anlmod_pa4_2026040112.gif
2026-04-02 21:37:55,312 [WARNING] 이미지 아님: content-type=text/html;charset=utf-8 주소=https://www.weather.go.kr/w/repositary/image/cht/img/kim_up20_anlmod_pa4_2026040112.gif
2026-04-02 21:37:55,313 [INFO] 다운로드 요청: 파일=up20_6h_2026040118.gif, 주소=https://www.weather.go.kr/w/repositary/image/cht/img/kim_up20_anlmod_pa4_2026040118.gif
2026-04-02 21:37:55,358 [WARNING] 이미지 아님: content-type=text/html;charset=utf-8 주소=https://www.weather.go.kr/w/repositary/image/cht/img/kim_up20_anlmod_pa4_2026040118.gif
2026-04-02 21:37:55,359 [INFO] 다운로드 요청: 파일=up10_6h_2026033118.gif, 주소=https://www.weather.go.kr/w/repositary/image/cht/img/kim_up10_anlmod_pa4_2026033118.gif
2026-04-02 21:37:55,435 [INFO] 다운로드 완료: 파일=up10_6h_2026033118.gif, 크기=98482
2026-04-02 21:37:55,436 [INFO] 다운로드 요청: 파일=up10_6h_2026040100.gif, 주소=https://www.weather.go.kr/w/repositary/image/cht/img/kim_up10_anlmod_pa4_2026040100.gif
2026-04-02 21:37:55,508 [INFO] 다운로드 완료: 파일=up10_6h_2026040100.gif, 크기=130605
2026-04-02 21:37:55,509 [INFO] 다운로드 요청: 파일=up10_6h_2026040106.gif, 주소=https://www.weather.go.kr/w/repositary/image/cht/img/kim_up10_anlmod_pa4_2026040106.gif
2026-04-02 21:37:55,568 [WARNING] 이미지 아님: content-type=text/html;charset=utf-8 주소=https://www.weather.go.kr/w/repositary/image/cht/img/kim_up10_anlmod_pa4_2026040106.gif
2026-04-02 21:37:55,570 [INFO] 다운로드 요청: 파일=up10_6h_2026040112.gif, 주소=https://www.weather.go.kr/w/repositary/image/cht/img/kim_up10_anlmod_pa4_2026040112.gif
2026-04-02 21:37:55,629 [WARNING] 이미지 아님: content-type=text/html;charset=utf-8 주소=https://www.weather.go.kr/w/repositary/image/cht/img/kim_up10_anlmod_pa4_2026040112.gif
2026-04-02 21:37:55,630 [INFO] 다운로드 요청: 파일=up10_6h_2026040118.gif, 주소=https://www.weather.go.kr/w/repositary/image/cht/img/kim_up10_anlmod_pa4_2026040118.gif
2026-04-02 21:37:55,731 [INFO] 다운로드 완료: 파일=up10_6h_2026040118.gif, 크기=98183
2026-04-02 21:37:55,731 [INFO] 다운로드 요청: 파일=surf_anl_6h_2026033118.gif, 주소=https://www.weather.go.kr/w/repositary/image/cht/img/kim_surf_newsur_pa4_2026033118.gif
2026-04-02 21:37:57,575 [INFO] 다운로드 완료: 파일=surf_anl_6h_2026033118.gif, 크기=156161
2026-04-02 21:37:57,575 [INFO] 다운로드 요청: 파일=surf_anl_6h_2026040100.gif, 주소=https://www.weather.go.kr/w/repositary/image/cht/img/kim_surf_newsur_pa4_2026040100.gif
2026-04-02 21:37:57,712 [INFO] 다운로드 완료: 파일=surf_anl_6h_2026040100.gif, 크기=155421
2026-04-02 21:37:57,712 [INFO] 다운로드 요청: 파일=surf_anl_6h_2026040106.gif, 주소=https://www.weather.go.kr/w/repositary/image/cht/img/kim_surf_newsur_pa4_2026040106.gif
2026-04-02 21:37:57,787 [WARNING] 이미지 아님: content-type=text/html;charset=utf-8 주소=https://www.weather.go.kr/w/repositary/image/cht/img/kim_surf_newsur_pa4_2026040106.gif
2026-04-02 21:37:57,789 [INFO] 다운로드 요청: 파일=surf_anl_6h_2026040112.gif, 주소=https://www.weather.go.kr/w/repositary/image/cht/img/kim_surf_newsur_pa4_2026040112.gif
2026-04-02 21:37:57,873 [WARNING] 이미지 아님: content-type=text/html;charset=utf-8 주소=https://www.weather.go.kr/w/repositary/image/cht/img/kim_surf_newsur_pa4_2026040112.gif
2026-04-02 21:37:57,874 [INFO] 다운로드 요청: 파일=surf_anl_6h_2026040118.gif, 주소=https://www.weather.go.kr/w/repositary/image/cht/img/kim_surf_newsur_pa4_2026040118.gif
2026-04-02 21:37:57,944 [WARNING] 이미지 아님: content-type=text/html;charset=utf-8 주소=https://www.weather.go.kr/w/repositary/image/cht/img/kim_surf_newsur_pa4_2026040118.gif
2026-04-02 21:37:57,945 [INFO] 다운로드 요청: 파일=kor1_anl_1h_2026033123.gif, 주소=https://www.weather.go.kr/w/repositary/image/cht/img/kor1_anlmod_pb4_2026033123.gif
2026-04-02 21:37:58,035 [INFO] 다운로드 완료: 파일=kor1_anl_1h_2026033123.gif, 크기=174922
2026-04-02 21:37:58,037 [INFO] 다운로드 요청: 파일=kor1_anl_1h_2026040100.gif, 주소=https://www.weather.go.kr/w/repositary/image/cht/img/kor1_anlmod_pb4_2026040100.gif
2026-04-02 21:37:58,119 [WARNING] 이미지 아님: content-type=text/html;charset=utf-8 주소=https://www.weather.go.kr/w/repositary/image/cht/img/kor1_anlmod_pb4_2026040100.gif
2026-04-02 21:37:58,120 [INFO] 다운로드 요청: 파일=kor1_anl_1h_2026040101.gif, 주소=https://www.weather.go.kr/w/repositary/image/cht/img/kor1_anlmod_pb4_2026040101.gif
2026-04-02 21:37:58,201 [WARNING] 이미지 아님: content-type=text/html;charset=utf-8 주소=https://www.weather.go.kr/w/repositary/image/cht/img/kor1_anlmod_pb4_2026040101.gif
2026-04-02 21:37:58,203 [INFO] 다운로드 요청: 파일=kor1_anl_1h_2026040102.gif, 주소=https://www.weather.go.kr/w/repositary/image/cht/img/kor1_anlmod_pb4_2026040102.gif
2026-04-02 21:37:58,250 [WARNING] 이미지 아님: content-type=text/html;charset=utf-8 주소=https://www.weather.go.kr/w/repositary/image/cht/img/kor1_anlmod_pb4_2026040102.gif
2026-04-02 21:37:58,251 [INFO] 다운로드 요청: 파일=kor1_anl_1h_2026040103.gif, 주소=https://www.weather.go.kr/w/repositary/image/cht/img/kor1_anlmod_pb4_2026040103.gif
2026-04-02 21:37:58,338 [WARNING] 이미지 아님: content-type=text/html;charset=utf-8 주소=https://www.weather.go.kr/w/repositary/image/cht/img/kor1_anlmod_pb4_2026040103.gif
2026-04-02 21:37:58,339 [INFO] 다운로드 요청: 파일=kor1_anl_1h_2026040104.gif, 주소=https://www.weather.go.kr/w/repositary/image/cht/img/kor1_anlmod_pb4_2026040104.gif
2026-04-02 21:37:58,407 [WARNING] 이미지 아님: content-type=text/html;charset=utf-8 주소=https://www.weather.go.kr/w/repositary/image/cht/img/kor1_anlmod_pb4_2026040104.gif
2026-04-02 21:37:58,408 [INFO] 다운로드 요청: 파일=kor1_anl_1h_2026040105.gif, 주소=https://www.weather.go.kr/w/repositary/image/cht/img/kor1_anlmod_pb4_2026040105.gif
2026-04-02 21:37:58,493 [WARNING] 이미지 아님: content-type=text/html;charset=utf-8 주소=https://www.weather.go.kr/w/repositary/image/cht/img/kor1_anlmod_pb4_2026040105.gif
2026-04-02 21:37:58,494 [INFO] 다운로드 요청: 파일=kor1_anl_1h_2026040106.gif, 주소=https://www.weather.go.kr/w/repositary/image/cht/img/kor1_anlmod_pb4_2026040106.gif
2026-04-02 21:37:58,567 [WARNING] 이미지 아님: content-type=text/html;charset=utf-8 주소=https://www.weather.go.kr/w/repositary/image/cht/img/kor1_anlmod_pb4_2026040106.gif
2026-04-02 21:37:58,569 [INFO] 다운로드 요청: 파일=kor1_anl_1h_2026040107.gif, 주소=https://www.weather.go.kr/w/repositary/image/cht/img/kor1_anlmod_pb4_2026040107.gif
2026-04-02 21:37:58,629 [WARNING] 이미지 아님: content-type=text/html;charset=utf-8 주소=https://www.weather.go.kr/w/repositary/image/cht/img/kor1_anlmod_pb4_2026040107.gif
2026-04-02 21:37:58,630 [INFO] 다운로드 요청: 파일=kor1_anl_1h_2026040108.gif, 주소=https://www.weather.go.kr/w/repositary/image/cht/img/kor1_anlmod_pb4_2026040108.gif
2026-04-02 21:37:58,694 [WARNING] 이미지 아님: content-type=text/html;charset=utf-8 주소=https://www.weather.go.kr/w/repositary/image/cht/img/kor1_anlmod_pb4_2026040108.gif
2026-04-02 21:37:58,696 [INFO] 다운로드 요청: 파일=kor1_anl_1h_2026040109.gif, 주소=https://www.weather.go.kr/w/repositary/image/cht/img/kor1_anlmod_pb4_2026040109.gif
2026-04-02 21:37:58,756 [WARNING] 이미지 아님: content-type=text/html;charset=utf-8 주소=https://www.weather.go.kr/w/repositary/image/cht/img/kor1_anlmod_pb4_2026040109.gif
2026-04-02 21:37:58,757 [INFO] 다운로드 요청: 파일=kor1_anl_1h_2026040110.gif, 주소=https://www.weather.go.kr/w/repositary/image/cht/img/kor1_anlmod_pb4_2026040110.gif
2026-04-02 21:37:58,803 [WARNING] 이미지 아님: content-type=text/html;charset=utf-8 주소=https://www.weather.go.kr/w/repositary/image/cht/img/kor1_anlmod_pb4_2026040110.gif
2026-04-02 21:37:58,804 [INFO] 다운로드 요청: 파일=kor1_anl_1h_2026040111.gif, 주소=https://www.weather.go.kr/w/repositary/image/cht/img/kor1_anlmod_pb4_2026040111.gif
2026-04-02 21:37:58,899 [WARNING] 이미지 아님: content-type=text/html;charset=utf-8 주소=https://www.weather.go.kr/w/repositary/image/cht/img/kor1_anlmod_pb4_2026040111.gif
2026-04-02 21:37:58,900 [INFO] 다운로드 요청: 파일=kor1_anl_1h_2026040112.gif, 주소=https://www.weather.go.kr/w/repositary/image/cht/img/kor1_anlmod_pb4_2026040112.gif
2026-04-02 21:37:58,953 [WARNING] 이미지 아님: content-type=text/html;charset=utf-8 주소=https://www.weather.go.kr/w/repositary/image/cht/img/kor1_anlmod_pb4_2026040112.gif
2026-04-02 21:37:58,954 [INFO] 다운로드 요청: 파일=kor1_anl_1h_2026040113.gif, 주소=https://www.weather.go.kr/w/repositary/image/cht/img/kor1_anlmod_pb4_2026040113.gif
2026-04-02 21:37:59,009 [WARNING] 이미지 아님: content-type=text/html;charset=utf-8 주소=https://www.weather.go.kr/w/repositary/image/cht/img/kor1_anlmod_pb4_2026040113.gif
2026-04-02 21:37:59,010 [INFO] 다운로드 요청: 파일=kor1_anl_1h_2026040114.gif, 주소=https://www.weather.go.kr/w/repositary/image/cht/img/kor1_anlmod_pb4_2026040114.gif
2026-04-02 21:37:59,076 [WARNING] 이미지 아님: content-type=text/html;charset=utf-8 주소=https://www.weather.go.kr/w/repositary/image/cht/img/kor1_anlmod_pb4_2026040114.gif
2026-04-02 21:37:59,077 [INFO] 다운로드 요청: 파일=kor1_anl_1h_2026040115.gif, 주소=https://www.weather.go.kr/w/repositary/image/cht/img/kor1_anlmod_pb4_2026040115.gif
2026-04-02 21:37:59,168 [WARNING] 이미지 아님: content-type=text/html;charset=utf-8 주소=https://www.weather.go.kr/w/repositary/image/cht/img/kor1_anlmod_pb4_2026040115.gif
2026-04-02 21:37:59,169 [INFO] 다운로드 요청: 파일=kor1_anl_1h_2026040116.gif, 주소=https://www.weather.go.kr/w/repositary/image/cht/img/kor1_anlmod_pb4_2026040116.gif
2026-04-02 21:37:59,246 [WARNING] 이미지 아님: content-type=text/html;charset=utf-8 주소=https://www.weather.go.kr/w/repositary/image/cht/img/kor1_anlmod_pb4_2026040116.gif
2026-04-02 21:37:59,247 [INFO] 다운로드 요청: 파일=kor1_anl_1h_2026040117.gif, 주소=https://www.weather.go.kr/w/repositary/image/cht/img/kor1_anlmod_pb4_2026040117.gif
2026-04-02 21:37:59,310 [WARNING] 이미지 아님: content-type=text/html;charset=utf-8 주소=https://www.weather.go.kr/w/repositary/image/cht/img/kor1_anlmod_pb4_2026040117.gif
2026-04-02 21:37:59,311 [INFO] 다운로드 요청: 파일=kor1_anl_1h_2026040118.gif, 주소=https://www.weather.go.kr/w/repositary/image/cht/img/kor1_anlmod_pb4_2026040118.gif
2026-04-02 21:37:59,383 [WARNING] 이미지 아님: content-type=text/html;charset=utf-8 주소=https://www.weather.go.kr/w/repositary/image/cht/img/kor1_anlmod_pb4_2026040118.gif
2026-04-02 21:37:59,384 [INFO] 다운로드 요청: 파일=kor1_anl_1h_2026040119.gif, 주소=https://www.weather.go.kr/w/repositary/image/cht/img/kor1_anlmod_pb4_2026040119.gif
2026-04-02 21:37:59,443 [WARNING] 이미지 아님: content-type=text/html;charset=utf-8 주소=https://www.weather.go.kr/w/repositary/image/cht/img/kor1_anlmod_pb4_2026040119.gif
2026-04-02 21:37:59,444 [INFO] 다운로드 요청: 파일=kor1_anl_1h_2026040120.gif, 주소=https://www.weather.go.kr/w/repositary/image/cht/img/kor1_anlmod_pb4_2026040120.gif
2026-04-02 21:37:59,516 [WARNING] 이미지 아님: content-type=text/html;charset=utf-8 주소=https://www.weather.go.kr/w/repositary/image/cht/img/kor1_anlmod_pb4_2026040120.gif
2026-04-02 21:37:59,517 [INFO] 다운로드 요청: 파일=kor1_anl_1h_2026040121.gif, 주소=https://www.weather.go.kr/w/repositary/image/cht/img/kor1_anlmod_pb4_2026040121.gif
2026-04-02 21:37:59,567 [WARNING] 이미지 아님: content-type=text/html;charset=utf-8 주소=https://www.weather.go.kr/w/repositary/image/cht/img/kor1_anlmod_pb4_2026040121.gif
2026-04-02 21:37:59,568 [INFO] 다운로드 요청: 파일=kor1_anl_1h_2026040122.gif, 주소=https://www.weather.go.kr/w/repositary/image/cht/img/kor1_anlmod_pb4_2026040122.gif
2026-04-02 21:37:59,624 [WARNING] 이미지 아님: content-type=text/html;charset=utf-8 주소=https://www.weather.go.kr/w/repositary/image/cht/img/kor1_anlmod_pb4_2026040122.gif
2026-04-02 21:37:59,625 [INFO] 다운로드 요청: 파일=kor1_anl_1h_2026040123.gif, 주소=https://www.weather.go.kr/w/repositary/image/cht/img/kor1_anlmod_pb4_2026040123.gif
2026-04-02 21:37:59,701 [WARNING] 이미지 아님: content-type=text/html;charset=utf-8 주소=https://www.weather.go.kr/w/repositary/image/cht/img/kor1_anlmod_pb4_2026040123.gif
2026-04-02 21:37:59,703 [INFO] 다운로드 요청: 파일=n500_6h_2026033118.gif, 주소=https://www.weather.go.kr/w/repositary/image/cht/img/kim_n500_anlmod_pb4_2026033118.gif
2026-04-02 21:37:59,815 [INFO] 다운로드 완료: 파일=n500_6h_2026033118.gif, 크기=229688
2026-04-02 21:37:59,816 [INFO] 다운로드 요청: 파일=n500_6h_2026040100.gif, 주소=https://www.weather.go.kr/w/repositary/image/cht/img/kim_n500_anlmod_pb4_2026040100.gif
2026-04-02 21:37:59,897 [INFO] 다운로드 완료: 파일=n500_6h_2026040100.gif, 크기=228326
2026-04-02 21:37:59,898 [INFO] 다운로드 요청: 파일=n500_6h_2026040106.gif, 주소=https://www.weather.go.kr/w/repositary/image/cht/img/kim_n500_anlmod_pb4_2026040106.gif
2026-04-02 21:37:59,998 [WARNING] 이미지 아님: content-type=text/html;charset=utf-8 주소=https://www.weather.go.kr/w/repositary/image/cht/img/kim_n500_anlmod_pb4_2026040106.gif
2026-04-02 21:37:59,999 [INFO] 다운로드 요청: 파일=n500_6h_2026040112.gif, 주소=https://www.weather.go.kr/w/repositary/image/cht/img/kim_n500_anlmod_pb4_2026040112.gif
2026-04-02 21:38:00,077 [INFO] 다운로드 완료: 파일=n500_6h_2026040112.gif, 크기=231942
2026-04-02 21:38:00,078 [INFO] 다운로드 요청: 파일=n500_6h_2026040118.gif, 주소=https://www.weather.go.kr/w/repositary/image/cht/img/kim_n500_anlmod_pb4_2026040118.gif
2026-04-02 21:38:00,144 [WARNING] 이미지 아님: content-type=text/html;charset=utf-8 주소=https://www.weather.go.kr/w/repositary/image/cht/img/kim_n500_anlmod_pb4_2026040118.gif
2026-04-02 21:38:00,145 [INFO] 다운로드 요청: 파일=n500_dif_6h_2026033118.gif, 주소=https://www.weather.go.kr/w/repositary/image/cht/img/kim_n500_difmod_pb4_2026033118.gif
2026-04-02 21:38:00,243 [INFO] 다운로드 완료: 파일=n500_dif_6h_2026033118.gif, 크기=274059
2026-04-02 21:38:00,243 [INFO] 다운로드 요청: 파일=n500_dif_6h_2026040100.gif, 주소=https://www.weather.go.kr/w/repositary/image/cht/img/kim_n500_difmod_pb4_2026040100.gif
2026-04-02 21:38:00,349 [INFO] 다운로드 완료: 파일=n500_dif_6h_2026040100.gif, 크기=272846
2026-04-02 21:38:00,349 [INFO] 다운로드 요청: 파일=n500_dif_6h_2026040106.gif, 주소=https://www.weather.go.kr/w/repositary/image/cht/img/kim_n500_difmod_pb4_2026040106.gif
2026-04-02 21:38:00,403 [WARNING] 이미지 아님: content-type=text/html;charset=utf-8 주소=https://www.weather.go.kr/w/repositary/image/cht/img/kim_n500_difmod_pb4_2026040106.gif
2026-04-02 21:38:00,404 [INFO] 다운로드 요청: 파일=n500_dif_6h_2026040112.gif, 주소=https://www.weather.go.kr/w/repositary/image/cht/img/kim_n500_difmod_pb4_2026040112.gif
2026-04-02 21:38:00,456 [WARNING] 이미지 아님: content-type=text/html;charset=utf-8 주소=https://www.weather.go.kr/w/repositary/image/cht/img/kim_n500_difmod_pb4_2026040112.gif
2026-04-02 21:38:00,457 [INFO] 다운로드 요청: 파일=n500_dif_6h_2026040118.gif, 주소=https://www.weather.go.kr/w/repositary/image/cht/img/kim_n500_difmod_pb4_2026040118.gif
2026-04-02 21:38:00,523 [WARNING] 이미지 아님: content-type=text/html;charset=utf-8 주소=https://www.weather.go.kr/w/repositary/image/cht/img/kim_n500_difmod_pb4_2026040118.gif
2026-04-02 21:38:00,524 [INFO] 다운로드 요청: 파일=gdps_axfe01_6h_2026033118.gif, 주소=https://www.weather.go.kr/w/repositary/image/cht/img/kim_gdps_anal_axfe01_pb4_2026033118.gif
2026-04-02 21:38:00,627 [INFO] 다운로드 완료: 파일=gdps_axfe01_6h_2026033118.gif, 크기=452665
2026-04-02 21:38:00,628 [INFO] 다운로드 요청: 파일=gdps_axfe01_6h_2026040100.gif, 주소=https://www.weather.go.kr/w/repositary/image/cht/img/kim_gdps_anal_axfe01_pb4_2026040100.gif
2026-04-02 21:38:00,740 [INFO] 다운로드 완료: 파일=gdps_axfe01_6h_2026040100.gif, 크기=451477
2026-04-02 21:38:00,741 [INFO] 다운로드 요청: 파일=gdps_axfe01_6h_2026040106.gif, 주소=https://www.weather.go.kr/w/repositary/image/cht/img/kim_gdps_anal_axfe01_pb4_2026040106.gif
2026-04-02 21:38:00,859 [INFO] 다운로드 완료: 파일=gdps_axfe01_6h_2026040106.gif, 크기=451680
2026-04-02 21:38:00,860 [INFO] 다운로드 요청: 파일=gdps_axfe01_6h_2026040112.gif, 주소=https://www.weather.go.kr/w/repositary/image/cht/img/kim_gdps_anal_axfe01_pb4_2026040112.gif
2026-04-02 21:38:00,975 [INFO] 다운로드 완료: 파일=gdps_axfe01_6h_2026040112.gif, 크기=455431
2026-04-02 21:38:00,976 [INFO] 다운로드 요청: 파일=gdps_axfe01_6h_2026040118.gif, 주소=https://www.weather.go.kr/w/repositary/image/cht/img/kim_gdps_anal_axfe01_pb4_2026040118.gif
2026-04-02 21:38:01,091 [INFO] 다운로드 완료: 파일=gdps_axfe01_6h_2026040118.gif, 크기=456961
2026-04-02 21:38:01,091 [INFO] 다운로드 요청: 파일=gdps_axfe02_6h_2026033118.gif, 주소=https://www.weather.go.kr/w/repositary/image/cht/img/kim_gdps_anal_axfe02_pb4_2026033118.gif
2026-04-02 21:38:01,246 [INFO] 다운로드 완료: 파일=gdps_axfe02_6h_2026033118.gif, 크기=505522
2026-04-02 21:38:01,247 [INFO] 다운로드 요청: 파일=gdps_axfe02_6h_2026040100.gif, 주소=https://www.weather.go.kr/w/repositary/image/cht/img/kim_gdps_anal_axfe02_pb4_2026040100.gif
2026-04-02 21:38:01,374 [INFO] 다운로드 완료: 파일=gdps_axfe02_6h_2026040100.gif, 크기=490998
2026-04-02 21:38:01,375 [INFO] 다운로드 요청: 파일=gdps_axfe02_6h_2026040106.gif, 주소=https://www.weather.go.kr/w/repositary/image/cht/img/kim_gdps_anal_axfe02_pb4_2026040106.gif
2026-04-02 21:38:01,493 [INFO] 다운로드 완료: 파일=gdps_axfe02_6h_2026040106.gif, 크기=483708
2026-04-02 21:38:01,494 [INFO] 다운로드 요청: 파일=gdps_axfe02_6h_2026040112.gif, 주소=https://www.weather.go.kr/w/repositary/image/cht/img/kim_gdps_anal_axfe02_pb4_2026040112.gif
2026-04-02 21:38:01,642 [INFO] 다운로드 완료: 파일=gdps_axfe02_6h_2026040112.gif, 크기=491663
2026-04-02 21:38:01,642 [INFO] 다운로드 요청: 파일=gdps_axfe02_6h_2026040118.gif, 주소=https://www.weather.go.kr/w/repositary/image/cht/img/kim_gdps_anal_axfe02_pb4_2026040118.gif
2026-04-02 21:38:01,797 [INFO] 다운로드 완료: 파일=gdps_axfe02_6h_2026040118.gif, 크기=494866
2026-04-02 21:38:01,797 [INFO] 다운로드 완료: 44
2026-04-02 21:38:01,797 [WARNING] 다운로드 실패: 51건
2026-04-02 21:38:01,805 [INFO] 복구 대기: 60초
