2026-04-02 12:55:42,351 [INFO] run_daily_start: date=2026-04-02
2026-04-02 12:55:42,352 [INFO] log_file: logs\2026-04-02\run_daily.log
2026-04-02 12:55:42,352 [INFO] step_skip: retention
2026-04-02 12:55:42,352 [INFO] step_start: asos_collect
2026-04-02 12:55:42,496 [INFO] 수집 시작: date=2026-04-02
2026-04-02 12:55:42,496 [INFO] 로그 파일: logs\2026-04-02\run_daily.log
2026-04-02 12:55:42,500 [INFO] 수집 단계=primary
2026-04-02 12:55:42,500 [INFO] 수집 시간창: startDt=20260401,startHh=07,endDt=20260402,endHh=07 (2026-04-01 07:00 ~ 2026-04-02 07:59)
2026-04-02 12:55:42,501 [INFO] 관측소 ID 개수: 95
2026-04-02 12:55:42,501 [INFO] 관측소 목록 파일: D:\99.project\03.WeatherAIBrief\config\asos_stn_ids.txt
2026-04-02 12:55:42,502 [INFO] 일괄 호출 시작: stn_id 개수=95, tm1=202604010700, tm2=202604020700
2026-04-02 12:55:42,502 [INFO] 요청 주소: https://apihub.kma.go.kr/api/typ01/url/kma_sfctm3.php?authKey=wf%2A%2A%2A%2AoA&tm1=202604010700&tm2=202604020700&stn_id=90,93,95,98,99,100,101,102,104,105,106,108,112,114,115,119,121,127,129,130,131,133,135,136,137,138,140,143,146,152,155,156,159,162,165,168,169,170,172,174,177,184,185,188,189,192,201,202,203,211,212,216,217,221,226,232,235,236,238,239,243,244,245,247,248,251,252,253,254,255,257,258,259,260,261,262,263,264,266,268,271,272,273,276,277,278,279,281,283,284,285,288,289,294,295
2026-04-02 12:55:42,927 [INFO] 일괄 호출 성공: 수집 건수=2424
2026-04-02 12:55:42,927 [INFO] 수집 결과 건수: 2424
2026-04-02 12:55:42,928 [WARNING] 요청 목록 외/무효 지점 행 제외(primary): 50건
2026-04-02 12:55:42,929 [INFO] 필터 적용 후 수집 건수: 2374
2026-04-02 12:55:42,974 [INFO] raw 저장 완료: D:\99.project\03.WeatherAIBrief\daio\2026-04-02\raw\asos\asos_hourly.csv
2026-04-02 12:55:43,031 [INFO] curated 저장 완료: D:\99.project\03.WeatherAIBrief\daio\2026-04-02\curated\asos\asos_daily_summary.csv
2026-04-02 12:55:43,135 [INFO] 검증 시작
2026-04-02 12:55:43,135 [INFO] 로그 파일: logs\2026-04-02\run_daily.log
2026-04-02 12:55:43,150 [INFO] 컬럼 선택
2026-04-02 12:55:43,150 [INFO] raw 관측소 컬럼: stnId (매칭: ['stnId', 'stnId', 'stnId'])
2026-04-02 12:55:43,151 [INFO] raw 시간 컬럼: tm (매칭: ['tm'])
2026-04-02 12:55:43,151 [INFO] curated 관측소 컬럼: stnId (매칭: ['stnId', 'stnId', 'stnId'])
2026-04-02 12:55:43,161 [INFO] 검증 요약
2026-04-02 12:55:43,161 [INFO] 기준 날짜: 2026-04-02
2026-04-02 12:55:43,161 [INFO] raw 경로: D:\99.project\03.WeatherAIBrief\daio\2026-04-02\raw\asos\asos_hourly.csv
2026-04-02 12:55:43,161 [INFO] curated 경로: D:\99.project\03.WeatherAIBrief\daio\2026-04-02\curated\asos\asos_daily_summary.csv
2026-04-02 12:55:43,161 [INFO] 예상 관측소 수: 95
2026-04-02 12:55:43,162 [INFO] raw 행 수(헤더 제외): 2374
2026-04-02 12:55:43,162 [INFO] raw 관측소 고유 수: 95
2026-04-02 12:55:43,162 [INFO] 관측소/시간 조합 수: 2374
2026-04-02 12:55:43,162 [INFO] 조합 최대 중복 수: 1
2026-04-02 12:55:43,162 [INFO] curated 관측소 고유 수: 95
2026-04-02 12:55:43,162 [INFO] 스팟체크 관측소: ['90', '93', '95']
2026-04-02 12:55:43,162 [INFO] 스팟체크 비교 수: 132
2026-04-02 12:55:43,162 [INFO] 스팟체크 결과: 성공
2026-04-02 12:55:43,162 [INFO] 검증 결과: 실패
2026-04-02 12:55:43,163 [ERROR] 실패: 누락 키: 1
2026-04-02 12:55:43,175 [INFO] 복구 대기: 60초
2026-04-02 12:56:43,176 [INFO] 복구 호출: stnId=253, tm1=202604020200, tm2=202604020200
2026-04-02 12:56:43,177 [INFO] 요청 주소: https://apihub.kma.go.kr/api/typ01/url/kma_sfctm3.php?authKey=wf%2A%2A%2A%2AoA&tm1=202604020200&tm2=202604020200&stn=253
2026-04-02 12:56:43,333 [WARNING] 복구 호출 재시도 대기: stnId=253, attempt=1/3, wait=2.0s, resultCode=EMPTY_RESPONSE
2026-04-02 12:56:45,334 [INFO] 요청 주소: https://apihub.kma.go.kr/api/typ01/url/kma_sfctm3.php?authKey=wf%2A%2A%2A%2AoA&tm1=202604020200&tm2=202604020200&stn=253
2026-04-02 12:56:45,495 [WARNING] 복구 호출 재시도 대기: stnId=253, attempt=2/3, wait=4.0s, resultCode=EMPTY_RESPONSE
2026-04-02 12:56:49,495 [INFO] 요청 주소: https://apihub.kma.go.kr/api/typ01/url/kma_sfctm3.php?authKey=wf%2A%2A%2A%2AoA&tm1=202604020200&tm2=202604020200&stn=253
2026-04-02 12:56:49,655 [WARNING] 복구 호출 재시도 대기: stnId=253, attempt=3/3, wait=8.0s, resultCode=EMPTY_RESPONSE
2026-04-02 12:56:57,657 [INFO] 요청 주소: https://apihub.kma.go.kr/api/typ01/url/kma_sfctm3.php?authKey=wf%2A%2A%2A%2AoA&tm1=202604020200&tm2=202604020200&stn=253
2026-04-02 12:56:58,834 [WARNING] 복구 호출 실패: 1건
2026-04-02 12:56:58,834 [ERROR] 복구 결과 0건
2026-04-02 12:56:58,852 [WARNING] step_fail: asos_collect (code=1, elapsed=76.50s)
2026-04-02 12:56:58,852 [WARNING] ASOS 수집 실패(continue). verify 리포트에서 점검 필요.
2026-04-02 12:56:58,852 [INFO] step_start: nuri_charts_collect
2026-04-02 12:56:58,996 [INFO] 날씨누리 수집 시작: date=2026-04-02
2026-04-02 12:56:58,997 [INFO] 로그 파일: logs\2026-04-02\run_daily.log
2026-04-02 12:56:59,185 [INFO] 다운로드 요청: 파일=surf_12h_2026040100.png, 주소=https://www.weather.go.kr/w/repositary/image/cht/img/surf_2026040100.png
2026-04-02 12:56:59,376 [INFO] 다운로드 완료: 파일=surf_12h_2026040100.png, 크기=789048
2026-04-02 12:56:59,377 [INFO] 다운로드 요청: 파일=surf_12h_2026040112.png, 주소=https://www.weather.go.kr/w/repositary/image/cht/img/surf_2026040112.png
2026-04-02 12:56:59,517 [INFO] 다운로드 완료: 파일=surf_12h_2026040112.png, 크기=799985
2026-04-02 12:56:59,518 [INFO] 다운로드 요청: 파일=sfc3_3h_2026040100.gif, 주소=https://www.weather.go.kr/w/repositary/image/cht/img/kim_sfc3_anlden_pa4_2026040100.gif
2026-04-02 12:56:59,629 [INFO] 다운로드 완료: 파일=sfc3_3h_2026040100.gif, 크기=175587
2026-04-02 12:56:59,629 [INFO] 다운로드 요청: 파일=sfc3_3h_2026040103.gif, 주소=https://www.weather.go.kr/w/repositary/image/cht/img/kim_sfc3_anlden_pa4_2026040103.gif
2026-04-02 12:56:59,727 [INFO] 다운로드 완료: 파일=sfc3_3h_2026040103.gif, 크기=171878
2026-04-02 12:56:59,728 [INFO] 다운로드 요청: 파일=sfc3_3h_2026040106.gif, 주소=https://www.weather.go.kr/w/repositary/image/cht/img/kim_sfc3_anlden_pa4_2026040106.gif
2026-04-02 12:56:59,823 [INFO] 다운로드 완료: 파일=sfc3_3h_2026040106.gif, 크기=174587
2026-04-02 12:56:59,824 [INFO] 다운로드 요청: 파일=sfc3_3h_2026040109.gif, 주소=https://www.weather.go.kr/w/repositary/image/cht/img/kim_sfc3_anlden_pa4_2026040109.gif
2026-04-02 12:56:59,901 [WARNING] 이미지 아님: content-type=text/html;charset=utf-8 주소=https://www.weather.go.kr/w/repositary/image/cht/img/kim_sfc3_anlden_pa4_2026040109.gif
2026-04-02 12:56:59,902 [INFO] 다운로드 요청: 파일=sfc3_3h_2026040112.gif, 주소=https://www.weather.go.kr/w/repositary/image/cht/img/kim_sfc3_anlden_pa4_2026040112.gif
2026-04-02 12:56:59,987 [INFO] 다운로드 완료: 파일=sfc3_3h_2026040112.gif, 크기=167906
2026-04-02 12:56:59,988 [INFO] 다운로드 요청: 파일=sfc3_3h_2026040115.gif, 주소=https://www.weather.go.kr/w/repositary/image/cht/img/kim_sfc3_anlden_pa4_2026040115.gif
2026-04-02 12:57:00,055 [WARNING] 이미지 아님: content-type=text/html;charset=utf-8 주소=https://www.weather.go.kr/w/repositary/image/cht/img/kim_sfc3_anlden_pa4_2026040115.gif
2026-04-02 12:57:00,056 [INFO] 다운로드 요청: 파일=sfc3_3h_2026040118.gif, 주소=https://www.weather.go.kr/w/repositary/image/cht/img/kim_sfc3_anlden_pa4_2026040118.gif
2026-04-02 12:57:00,120 [WARNING] 이미지 아님: content-type=text/html;charset=utf-8 주소=https://www.weather.go.kr/w/repositary/image/cht/img/kim_sfc3_anlden_pa4_2026040118.gif
2026-04-02 12:57:00,121 [INFO] 다운로드 요청: 파일=sfc3_3h_2026040121.gif, 주소=https://www.weather.go.kr/w/repositary/image/cht/img/kim_sfc3_anlden_pa4_2026040121.gif
2026-04-02 12:57:00,248 [INFO] 다운로드 완료: 파일=sfc3_3h_2026040121.gif, 크기=165348
2026-04-02 12:57:00,249 [INFO] 다운로드 요청: 파일=up92_6h_2026033118.gif, 주소=https://www.weather.go.kr/w/repositary/image/cht/img/kim_up92_anlmod_pa4_2026033118.gif
2026-04-02 12:57:00,373 [INFO] 다운로드 완료: 파일=up92_6h_2026033118.gif, 크기=145037
2026-04-02 12:57:00,373 [INFO] 다운로드 요청: 파일=up92_6h_2026040100.gif, 주소=https://www.weather.go.kr/w/repositary/image/cht/img/kim_up92_anlmod_pa4_2026040100.gif
2026-04-02 12:57:00,456 [INFO] 다운로드 완료: 파일=up92_6h_2026040100.gif, 크기=165917
2026-04-02 12:57:00,457 [INFO] 다운로드 요청: 파일=up92_6h_2026040106.gif, 주소=https://www.weather.go.kr/w/repositary/image/cht/img/kim_up92_anlmod_pa4_2026040106.gif
2026-04-02 12:57:00,630 [WARNING] 이미지 아님: content-type=text/html;charset=utf-8 주소=https://www.weather.go.kr/w/repositary/image/cht/img/kim_up92_anlmod_pa4_2026040106.gif
2026-04-02 12:57:00,631 [INFO] 다운로드 요청: 파일=up92_6h_2026040112.gif, 주소=https://www.weather.go.kr/w/repositary/image/cht/img/kim_up92_anlmod_pa4_2026040112.gif
2026-04-02 12:57:00,725 [INFO] 다운로드 완료: 파일=up92_6h_2026040112.gif, 크기=166522
2026-04-02 12:57:00,726 [INFO] 다운로드 요청: 파일=up92_6h_2026040118.gif, 주소=https://www.weather.go.kr/w/repositary/image/cht/img/kim_up92_anlmod_pa4_2026040118.gif
2026-04-02 12:57:00,825 [INFO] 다운로드 완료: 파일=up92_6h_2026040118.gif, 크기=143559
2026-04-02 12:57:00,826 [INFO] 다운로드 요청: 파일=up85_6h_2026033118.gif, 주소=https://www.weather.go.kr/w/repositary/image/cht/img/kim_up85_anlmod_pa4_2026033118.gif
2026-04-02 12:57:00,926 [INFO] 다운로드 완료: 파일=up85_6h_2026033118.gif, 크기=138056
2026-04-02 12:57:00,927 [INFO] 다운로드 요청: 파일=up85_6h_2026040100.gif, 주소=https://www.weather.go.kr/w/repositary/image/cht/img/kim_up85_anlmod_pa4_2026040100.gif
2026-04-02 12:57:01,027 [INFO] 다운로드 완료: 파일=up85_6h_2026040100.gif, 크기=167572
2026-04-02 12:57:01,028 [INFO] 다운로드 요청: 파일=up85_6h_2026040106.gif, 주소=https://www.weather.go.kr/w/repositary/image/cht/img/kim_up85_anlmod_pa4_2026040106.gif
2026-04-02 12:57:01,105 [WARNING] 이미지 아님: content-type=text/html;charset=utf-8 주소=https://www.weather.go.kr/w/repositary/image/cht/img/kim_up85_anlmod_pa4_2026040106.gif
2026-04-02 12:57:01,106 [INFO] 다운로드 요청: 파일=up85_6h_2026040112.gif, 주소=https://www.weather.go.kr/w/repositary/image/cht/img/kim_up85_anlmod_pa4_2026040112.gif
2026-04-02 12:57:01,176 [WARNING] 이미지 아님: content-type=text/html;charset=utf-8 주소=https://www.weather.go.kr/w/repositary/image/cht/img/kim_up85_anlmod_pa4_2026040112.gif
2026-04-02 12:57:01,177 [INFO] 다운로드 요청: 파일=up85_6h_2026040118.gif, 주소=https://www.weather.go.kr/w/repositary/image/cht/img/kim_up85_anlmod_pa4_2026040118.gif
2026-04-02 12:57:01,265 [WARNING] 이미지 아님: content-type=text/html;charset=utf-8 주소=https://www.weather.go.kr/w/repositary/image/cht/img/kim_up85_anlmod_pa4_2026040118.gif
2026-04-02 12:57:01,266 [INFO] 다운로드 요청: 파일=up70_6h_2026033118.gif, 주소=https://www.weather.go.kr/w/repositary/image/cht/img/kim_up70_anlmod_pa4_2026033118.gif
2026-04-02 12:57:01,365 [INFO] 다운로드 완료: 파일=up70_6h_2026033118.gif, 크기=116941
2026-04-02 12:57:01,366 [INFO] 다운로드 요청: 파일=up70_6h_2026040100.gif, 주소=https://www.weather.go.kr/w/repositary/image/cht/img/kim_up70_anlmod_pa4_2026040100.gif
2026-04-02 12:57:01,454 [INFO] 다운로드 완료: 파일=up70_6h_2026040100.gif, 크기=147446
2026-04-02 12:57:01,455 [INFO] 다운로드 요청: 파일=up70_6h_2026040106.gif, 주소=https://www.weather.go.kr/w/repositary/image/cht/img/kim_up70_anlmod_pa4_2026040106.gif
2026-04-02 12:57:01,500 [WARNING] 이미지 아님: content-type=text/html;charset=utf-8 주소=https://www.weather.go.kr/w/repositary/image/cht/img/kim_up70_anlmod_pa4_2026040106.gif
2026-04-02 12:57:01,501 [INFO] 다운로드 요청: 파일=up70_6h_2026040112.gif, 주소=https://www.weather.go.kr/w/repositary/image/cht/img/kim_up70_anlmod_pa4_2026040112.gif
2026-04-02 12:57:01,597 [INFO] 다운로드 완료: 파일=up70_6h_2026040112.gif, 크기=146314
2026-04-02 12:57:01,598 [INFO] 다운로드 요청: 파일=up70_6h_2026040118.gif, 주소=https://www.weather.go.kr/w/repositary/image/cht/img/kim_up70_anlmod_pa4_2026040118.gif
2026-04-02 12:57:01,685 [WARNING] 이미지 아님: content-type=text/html;charset=utf-8 주소=https://www.weather.go.kr/w/repositary/image/cht/img/kim_up70_anlmod_pa4_2026040118.gif
2026-04-02 12:57:01,686 [INFO] 다운로드 요청: 파일=up50_6h_2026033118.gif, 주소=https://www.weather.go.kr/w/repositary/image/cht/img/kim_up50_anlmod_pa4_2026033118.gif
2026-04-02 12:57:01,794 [INFO] 다운로드 완료: 파일=up50_6h_2026033118.gif, 크기=115785
2026-04-02 12:57:01,795 [INFO] 다운로드 요청: 파일=up50_6h_2026040100.gif, 주소=https://www.weather.go.kr/w/repositary/image/cht/img/kim_up50_anlmod_pa4_2026040100.gif
2026-04-02 12:57:01,888 [INFO] 다운로드 완료: 파일=up50_6h_2026040100.gif, 크기=147039
2026-04-02 12:57:01,889 [INFO] 다운로드 요청: 파일=up50_6h_2026040106.gif, 주소=https://www.weather.go.kr/w/repositary/image/cht/img/kim_up50_anlmod_pa4_2026040106.gif
2026-04-02 12:57:01,990 [INFO] 다운로드 완료: 파일=up50_6h_2026040106.gif, 크기=114779
2026-04-02 12:57:01,991 [INFO] 다운로드 요청: 파일=up50_6h_2026040112.gif, 주소=https://www.weather.go.kr/w/repositary/image/cht/img/kim_up50_anlmod_pa4_2026040112.gif
2026-04-02 12:57:02,069 [WARNING] 이미지 아님: content-type=text/html;charset=utf-8 주소=https://www.weather.go.kr/w/repositary/image/cht/img/kim_up50_anlmod_pa4_2026040112.gif
2026-04-02 12:57:02,070 [INFO] 다운로드 요청: 파일=up50_6h_2026040118.gif, 주소=https://www.weather.go.kr/w/repositary/image/cht/img/kim_up50_anlmod_pa4_2026040118.gif
2026-04-02 12:57:02,140 [WARNING] 이미지 아님: content-type=text/html;charset=utf-8 주소=https://www.weather.go.kr/w/repositary/image/cht/img/kim_up50_anlmod_pa4_2026040118.gif
2026-04-02 12:57:02,141 [INFO] 다운로드 요청: 파일=up30_6h_2026033118.gif, 주소=https://www.weather.go.kr/w/repositary/image/cht/img/kim_up30_anlmod_pa4_2026033118.gif
2026-04-02 12:57:02,211 [INFO] 다운로드 완료: 파일=up30_6h_2026033118.gif, 크기=124174
2026-04-02 12:57:02,211 [INFO] 다운로드 요청: 파일=up30_6h_2026040100.gif, 주소=https://www.weather.go.kr/w/repositary/image/cht/img/kim_up30_anlmod_pa4_2026040100.gif
2026-04-02 12:57:02,291 [INFO] 다운로드 완료: 파일=up30_6h_2026040100.gif, 크기=154105
2026-04-02 12:57:02,292 [INFO] 다운로드 요청: 파일=up30_6h_2026040106.gif, 주소=https://www.weather.go.kr/w/repositary/image/cht/img/kim_up30_anlmod_pa4_2026040106.gif
2026-04-02 12:57:02,372 [WARNING] 이미지 아님: content-type=text/html;charset=utf-8 주소=https://www.weather.go.kr/w/repositary/image/cht/img/kim_up30_anlmod_pa4_2026040106.gif
2026-04-02 12:57:02,373 [INFO] 다운로드 요청: 파일=up30_6h_2026040112.gif, 주소=https://www.weather.go.kr/w/repositary/image/cht/img/kim_up30_anlmod_pa4_2026040112.gif
2026-04-02 12:57:02,426 [WARNING] 이미지 아님: content-type=text/html;charset=utf-8 주소=https://www.weather.go.kr/w/repositary/image/cht/img/kim_up30_anlmod_pa4_2026040112.gif
2026-04-02 12:57:02,427 [INFO] 다운로드 요청: 파일=up30_6h_2026040118.gif, 주소=https://www.weather.go.kr/w/repositary/image/cht/img/kim_up30_anlmod_pa4_2026040118.gif
2026-04-02 12:57:02,478 [WARNING] 이미지 아님: content-type=text/html;charset=utf-8 주소=https://www.weather.go.kr/w/repositary/image/cht/img/kim_up30_anlmod_pa4_2026040118.gif
2026-04-02 12:57:02,479 [INFO] 다운로드 요청: 파일=up20_6h_2026033118.gif, 주소=https://www.weather.go.kr/w/repositary/image/cht/img/kim_up20_anlmod_pa4_2026033118.gif
2026-04-02 12:57:02,559 [INFO] 다운로드 완료: 파일=up20_6h_2026033118.gif, 크기=124819
2026-04-02 12:57:02,560 [INFO] 다운로드 요청: 파일=up20_6h_2026040100.gif, 주소=https://www.weather.go.kr/w/repositary/image/cht/img/kim_up20_anlmod_pa4_2026040100.gif
2026-04-02 12:57:02,636 [INFO] 다운로드 완료: 파일=up20_6h_2026040100.gif, 크기=153344
2026-04-02 12:57:02,636 [INFO] 다운로드 요청: 파일=up20_6h_2026040106.gif, 주소=https://www.weather.go.kr/w/repositary/image/cht/img/kim_up20_anlmod_pa4_2026040106.gif
2026-04-02 12:57:02,691 [WARNING] 이미지 아님: content-type=text/html;charset=utf-8 주소=https://www.weather.go.kr/w/repositary/image/cht/img/kim_up20_anlmod_pa4_2026040106.gif
2026-04-02 12:57:02,692 [INFO] 다운로드 요청: 파일=up20_6h_2026040112.gif, 주소=https://www.weather.go.kr/w/repositary/image/cht/img/kim_up20_anlmod_pa4_2026040112.gif
2026-04-02 12:57:02,748 [WARNING] 이미지 아님: content-type=text/html;charset=utf-8 주소=https://www.weather.go.kr/w/repositary/image/cht/img/kim_up20_anlmod_pa4_2026040112.gif
2026-04-02 12:57:02,749 [INFO] 다운로드 요청: 파일=up20_6h_2026040118.gif, 주소=https://www.weather.go.kr/w/repositary/image/cht/img/kim_up20_anlmod_pa4_2026040118.gif
2026-04-02 12:57:02,855 [WARNING] 이미지 아님: content-type=text/html;charset=utf-8 주소=https://www.weather.go.kr/w/repositary/image/cht/img/kim_up20_anlmod_pa4_2026040118.gif
2026-04-02 12:57:02,856 [INFO] 다운로드 요청: 파일=up10_6h_2026033118.gif, 주소=https://www.weather.go.kr/w/repositary/image/cht/img/kim_up10_anlmod_pa4_2026033118.gif
2026-04-02 12:57:02,977 [INFO] 다운로드 완료: 파일=up10_6h_2026033118.gif, 크기=98482
2026-04-02 12:57:02,978 [INFO] 다운로드 요청: 파일=up10_6h_2026040100.gif, 주소=https://www.weather.go.kr/w/repositary/image/cht/img/kim_up10_anlmod_pa4_2026040100.gif
2026-04-02 12:57:03,095 [INFO] 다운로드 완료: 파일=up10_6h_2026040100.gif, 크기=130605
2026-04-02 12:57:03,096 [INFO] 다운로드 요청: 파일=up10_6h_2026040106.gif, 주소=https://www.weather.go.kr/w/repositary/image/cht/img/kim_up10_anlmod_pa4_2026040106.gif
2026-04-02 12:57:03,145 [WARNING] 이미지 아님: content-type=text/html;charset=utf-8 주소=https://www.weather.go.kr/w/repositary/image/cht/img/kim_up10_anlmod_pa4_2026040106.gif
2026-04-02 12:57:03,146 [INFO] 다운로드 요청: 파일=up10_6h_2026040112.gif, 주소=https://www.weather.go.kr/w/repositary/image/cht/img/kim_up10_anlmod_pa4_2026040112.gif
2026-04-02 12:57:03,197 [WARNING] 이미지 아님: content-type=text/html;charset=utf-8 주소=https://www.weather.go.kr/w/repositary/image/cht/img/kim_up10_anlmod_pa4_2026040112.gif
2026-04-02 12:57:03,198 [INFO] 다운로드 요청: 파일=up10_6h_2026040118.gif, 주소=https://www.weather.go.kr/w/repositary/image/cht/img/kim_up10_anlmod_pa4_2026040118.gif
2026-04-02 12:57:03,267 [INFO] 다운로드 완료: 파일=up10_6h_2026040118.gif, 크기=98183
2026-04-02 12:57:03,268 [INFO] 다운로드 요청: 파일=surf_anl_6h_2026033118.gif, 주소=https://www.weather.go.kr/w/repositary/image/cht/img/kim_surf_newsur_pa4_2026033118.gif
2026-04-02 12:57:03,343 [INFO] 다운로드 완료: 파일=surf_anl_6h_2026033118.gif, 크기=156161
2026-04-02 12:57:03,343 [INFO] 다운로드 요청: 파일=surf_anl_6h_2026040100.gif, 주소=https://www.weather.go.kr/w/repositary/image/cht/img/kim_surf_newsur_pa4_2026040100.gif
2026-04-02 12:57:03,458 [INFO] 다운로드 완료: 파일=surf_anl_6h_2026040100.gif, 크기=155421
2026-04-02 12:57:03,458 [INFO] 다운로드 요청: 파일=surf_anl_6h_2026040106.gif, 주소=https://www.weather.go.kr/w/repositary/image/cht/img/kim_surf_newsur_pa4_2026040106.gif
2026-04-02 12:57:03,520 [WARNING] 이미지 아님: content-type=text/html;charset=utf-8 주소=https://www.weather.go.kr/w/repositary/image/cht/img/kim_surf_newsur_pa4_2026040106.gif
2026-04-02 12:57:03,521 [INFO] 다운로드 요청: 파일=surf_anl_6h_2026040112.gif, 주소=https://www.weather.go.kr/w/repositary/image/cht/img/kim_surf_newsur_pa4_2026040112.gif
2026-04-02 12:57:03,579 [WARNING] 이미지 아님: content-type=text/html;charset=utf-8 주소=https://www.weather.go.kr/w/repositary/image/cht/img/kim_surf_newsur_pa4_2026040112.gif
2026-04-02 12:57:03,580 [INFO] 다운로드 요청: 파일=surf_anl_6h_2026040118.gif, 주소=https://www.weather.go.kr/w/repositary/image/cht/img/kim_surf_newsur_pa4_2026040118.gif
2026-04-02 12:57:03,627 [WARNING] 이미지 아님: content-type=text/html;charset=utf-8 주소=https://www.weather.go.kr/w/repositary/image/cht/img/kim_surf_newsur_pa4_2026040118.gif
2026-04-02 12:57:03,628 [INFO] 다운로드 요청: 파일=kor1_anl_1h_2026033123.gif, 주소=https://www.weather.go.kr/w/repositary/image/cht/img/kor1_anlmod_pb4_2026033123.gif
2026-04-02 12:57:03,836 [INFO] 다운로드 완료: 파일=kor1_anl_1h_2026033123.gif, 크기=174922
2026-04-02 12:57:03,836 [INFO] 다운로드 요청: 파일=kor1_anl_1h_2026040100.gif, 주소=https://www.weather.go.kr/w/repositary/image/cht/img/kor1_anlmod_pb4_2026040100.gif
2026-04-02 12:57:03,894 [WARNING] 이미지 아님: content-type=text/html;charset=utf-8 주소=https://www.weather.go.kr/w/repositary/image/cht/img/kor1_anlmod_pb4_2026040100.gif
2026-04-02 12:57:03,895 [INFO] 다운로드 요청: 파일=kor1_anl_1h_2026040101.gif, 주소=https://www.weather.go.kr/w/repositary/image/cht/img/kor1_anlmod_pb4_2026040101.gif
2026-04-02 12:57:03,942 [WARNING] 이미지 아님: content-type=text/html;charset=utf-8 주소=https://www.weather.go.kr/w/repositary/image/cht/img/kor1_anlmod_pb4_2026040101.gif
2026-04-02 12:57:03,943 [INFO] 다운로드 요청: 파일=kor1_anl_1h_2026040102.gif, 주소=https://www.weather.go.kr/w/repositary/image/cht/img/kor1_anlmod_pb4_2026040102.gif
2026-04-02 12:57:04,018 [WARNING] 이미지 아님: content-type=text/html;charset=utf-8 주소=https://www.weather.go.kr/w/repositary/image/cht/img/kor1_anlmod_pb4_2026040102.gif
2026-04-02 12:57:04,018 [INFO] 다운로드 요청: 파일=kor1_anl_1h_2026040103.gif, 주소=https://www.weather.go.kr/w/repositary/image/cht/img/kor1_anlmod_pb4_2026040103.gif
2026-04-02 12:57:04,071 [WARNING] 이미지 아님: content-type=text/html;charset=utf-8 주소=https://www.weather.go.kr/w/repositary/image/cht/img/kor1_anlmod_pb4_2026040103.gif
2026-04-02 12:57:04,072 [INFO] 다운로드 요청: 파일=kor1_anl_1h_2026040104.gif, 주소=https://www.weather.go.kr/w/repositary/image/cht/img/kor1_anlmod_pb4_2026040104.gif
2026-04-02 12:57:04,116 [WARNING] 이미지 아님: content-type=text/html;charset=utf-8 주소=https://www.weather.go.kr/w/repositary/image/cht/img/kor1_anlmod_pb4_2026040104.gif
2026-04-02 12:57:04,117 [INFO] 다운로드 요청: 파일=kor1_anl_1h_2026040105.gif, 주소=https://www.weather.go.kr/w/repositary/image/cht/img/kor1_anlmod_pb4_2026040105.gif
2026-04-02 12:57:04,190 [WARNING] 이미지 아님: content-type=text/html;charset=utf-8 주소=https://www.weather.go.kr/w/repositary/image/cht/img/kor1_anlmod_pb4_2026040105.gif
2026-04-02 12:57:04,191 [INFO] 다운로드 요청: 파일=kor1_anl_1h_2026040106.gif, 주소=https://www.weather.go.kr/w/repositary/image/cht/img/kor1_anlmod_pb4_2026040106.gif
2026-04-02 12:57:04,257 [WARNING] 이미지 아님: content-type=text/html;charset=utf-8 주소=https://www.weather.go.kr/w/repositary/image/cht/img/kor1_anlmod_pb4_2026040106.gif
2026-04-02 12:57:04,259 [INFO] 다운로드 요청: 파일=kor1_anl_1h_2026040107.gif, 주소=https://www.weather.go.kr/w/repositary/image/cht/img/kor1_anlmod_pb4_2026040107.gif
2026-04-02 12:57:04,304 [WARNING] 이미지 아님: content-type=text/html;charset=utf-8 주소=https://www.weather.go.kr/w/repositary/image/cht/img/kor1_anlmod_pb4_2026040107.gif
2026-04-02 12:57:04,305 [INFO] 다운로드 요청: 파일=kor1_anl_1h_2026040108.gif, 주소=https://www.weather.go.kr/w/repositary/image/cht/img/kor1_anlmod_pb4_2026040108.gif
2026-04-02 12:57:04,357 [WARNING] 이미지 아님: content-type=text/html;charset=utf-8 주소=https://www.weather.go.kr/w/repositary/image/cht/img/kor1_anlmod_pb4_2026040108.gif
2026-04-02 12:57:04,358 [INFO] 다운로드 요청: 파일=kor1_anl_1h_2026040109.gif, 주소=https://www.weather.go.kr/w/repositary/image/cht/img/kor1_anlmod_pb4_2026040109.gif
2026-04-02 12:57:04,408 [WARNING] 이미지 아님: content-type=text/html;charset=utf-8 주소=https://www.weather.go.kr/w/repositary/image/cht/img/kor1_anlmod_pb4_2026040109.gif
2026-04-02 12:57:04,409 [INFO] 다운로드 요청: 파일=kor1_anl_1h_2026040110.gif, 주소=https://www.weather.go.kr/w/repositary/image/cht/img/kor1_anlmod_pb4_2026040110.gif
2026-04-02 12:57:04,479 [WARNING] 이미지 아님: content-type=text/html;charset=utf-8 주소=https://www.weather.go.kr/w/repositary/image/cht/img/kor1_anlmod_pb4_2026040110.gif
2026-04-02 12:57:04,480 [INFO] 다운로드 요청: 파일=kor1_anl_1h_2026040111.gif, 주소=https://www.weather.go.kr/w/repositary/image/cht/img/kor1_anlmod_pb4_2026040111.gif
2026-04-02 12:57:04,537 [WARNING] 이미지 아님: content-type=text/html;charset=utf-8 주소=https://www.weather.go.kr/w/repositary/image/cht/img/kor1_anlmod_pb4_2026040111.gif
2026-04-02 12:57:04,538 [INFO] 다운로드 요청: 파일=kor1_anl_1h_2026040112.gif, 주소=https://www.weather.go.kr/w/repositary/image/cht/img/kor1_anlmod_pb4_2026040112.gif
2026-04-02 12:57:04,586 [WARNING] 이미지 아님: content-type=text/html;charset=utf-8 주소=https://www.weather.go.kr/w/repositary/image/cht/img/kor1_anlmod_pb4_2026040112.gif
2026-04-02 12:57:04,587 [INFO] 다운로드 요청: 파일=kor1_anl_1h_2026040113.gif, 주소=https://www.weather.go.kr/w/repositary/image/cht/img/kor1_anlmod_pb4_2026040113.gif
2026-04-02 12:57:04,632 [WARNING] 이미지 아님: content-type=text/html;charset=utf-8 주소=https://www.weather.go.kr/w/repositary/image/cht/img/kor1_anlmod_pb4_2026040113.gif
2026-04-02 12:57:04,632 [INFO] 다운로드 요청: 파일=kor1_anl_1h_2026040114.gif, 주소=https://www.weather.go.kr/w/repositary/image/cht/img/kor1_anlmod_pb4_2026040114.gif
2026-04-02 12:57:04,708 [WARNING] 이미지 아님: content-type=text/html;charset=utf-8 주소=https://www.weather.go.kr/w/repositary/image/cht/img/kor1_anlmod_pb4_2026040114.gif
2026-04-02 12:57:04,709 [INFO] 다운로드 요청: 파일=kor1_anl_1h_2026040115.gif, 주소=https://www.weather.go.kr/w/repositary/image/cht/img/kor1_anlmod_pb4_2026040115.gif
2026-04-02 12:57:04,775 [WARNING] 이미지 아님: content-type=text/html;charset=utf-8 주소=https://www.weather.go.kr/w/repositary/image/cht/img/kor1_anlmod_pb4_2026040115.gif
2026-04-02 12:57:04,776 [INFO] 다운로드 요청: 파일=kor1_anl_1h_2026040116.gif, 주소=https://www.weather.go.kr/w/repositary/image/cht/img/kor1_anlmod_pb4_2026040116.gif
2026-04-02 12:57:04,829 [WARNING] 이미지 아님: content-type=text/html;charset=utf-8 주소=https://www.weather.go.kr/w/repositary/image/cht/img/kor1_anlmod_pb4_2026040116.gif
2026-04-02 12:57:04,829 [INFO] 다운로드 요청: 파일=kor1_anl_1h_2026040117.gif, 주소=https://www.weather.go.kr/w/repositary/image/cht/img/kor1_anlmod_pb4_2026040117.gif
2026-04-02 12:57:04,876 [WARNING] 이미지 아님: content-type=text/html;charset=utf-8 주소=https://www.weather.go.kr/w/repositary/image/cht/img/kor1_anlmod_pb4_2026040117.gif
2026-04-02 12:57:04,877 [INFO] 다운로드 요청: 파일=kor1_anl_1h_2026040118.gif, 주소=https://www.weather.go.kr/w/repositary/image/cht/img/kor1_anlmod_pb4_2026040118.gif
2026-04-02 12:57:04,934 [WARNING] 이미지 아님: content-type=text/html;charset=utf-8 주소=https://www.weather.go.kr/w/repositary/image/cht/img/kor1_anlmod_pb4_2026040118.gif
2026-04-02 12:57:04,935 [INFO] 다운로드 요청: 파일=kor1_anl_1h_2026040119.gif, 주소=https://www.weather.go.kr/w/repositary/image/cht/img/kor1_anlmod_pb4_2026040119.gif
2026-04-02 12:57:04,985 [WARNING] 이미지 아님: content-type=text/html;charset=utf-8 주소=https://www.weather.go.kr/w/repositary/image/cht/img/kor1_anlmod_pb4_2026040119.gif
2026-04-02 12:57:04,985 [INFO] 다운로드 요청: 파일=kor1_anl_1h_2026040120.gif, 주소=https://www.weather.go.kr/w/repositary/image/cht/img/kor1_anlmod_pb4_2026040120.gif
2026-04-02 12:57:05,050 [WARNING] 이미지 아님: content-type=text/html;charset=utf-8 주소=https://www.weather.go.kr/w/repositary/image/cht/img/kor1_anlmod_pb4_2026040120.gif
2026-04-02 12:57:05,051 [INFO] 다운로드 요청: 파일=kor1_anl_1h_2026040121.gif, 주소=https://www.weather.go.kr/w/repositary/image/cht/img/kor1_anlmod_pb4_2026040121.gif
2026-04-02 12:57:06,141 [WARNING] 이미지 아님: content-type=text/html;charset=utf-8 주소=https://www.weather.go.kr/w/repositary/image/cht/img/kor1_anlmod_pb4_2026040121.gif
2026-04-02 12:57:06,142 [INFO] 다운로드 요청: 파일=kor1_anl_1h_2026040122.gif, 주소=https://www.weather.go.kr/w/repositary/image/cht/img/kor1_anlmod_pb4_2026040122.gif
2026-04-02 12:57:06,325 [WARNING] 이미지 아님: content-type=text/html;charset=utf-8 주소=https://www.weather.go.kr/w/repositary/image/cht/img/kor1_anlmod_pb4_2026040122.gif
2026-04-02 12:57:06,326 [INFO] 다운로드 요청: 파일=kor1_anl_1h_2026040123.gif, 주소=https://www.weather.go.kr/w/repositary/image/cht/img/kor1_anlmod_pb4_2026040123.gif
2026-04-02 12:57:06,403 [WARNING] 이미지 아님: content-type=text/html;charset=utf-8 주소=https://www.weather.go.kr/w/repositary/image/cht/img/kor1_anlmod_pb4_2026040123.gif
2026-04-02 12:57:06,404 [INFO] 다운로드 요청: 파일=n500_6h_2026033118.gif, 주소=https://www.weather.go.kr/w/repositary/image/cht/img/kim_n500_anlmod_pb4_2026033118.gif
2026-04-02 12:57:06,497 [INFO] 다운로드 완료: 파일=n500_6h_2026033118.gif, 크기=229688
2026-04-02 12:57:06,498 [INFO] 다운로드 요청: 파일=n500_6h_2026040100.gif, 주소=https://www.weather.go.kr/w/repositary/image/cht/img/kim_n500_anlmod_pb4_2026040100.gif
2026-04-02 12:57:06,585 [INFO] 다운로드 완료: 파일=n500_6h_2026040100.gif, 크기=228326
2026-04-02 12:57:06,586 [INFO] 다운로드 요청: 파일=n500_6h_2026040106.gif, 주소=https://www.weather.go.kr/w/repositary/image/cht/img/kim_n500_anlmod_pb4_2026040106.gif
2026-04-02 12:57:06,659 [WARNING] 이미지 아님: content-type=text/html;charset=utf-8 주소=https://www.weather.go.kr/w/repositary/image/cht/img/kim_n500_anlmod_pb4_2026040106.gif
2026-04-02 12:57:06,659 [INFO] 다운로드 요청: 파일=n500_6h_2026040112.gif, 주소=https://www.weather.go.kr/w/repositary/image/cht/img/kim_n500_anlmod_pb4_2026040112.gif
2026-04-02 12:57:06,721 [INFO] 다운로드 완료: 파일=n500_6h_2026040112.gif, 크기=231942
2026-04-02 12:57:06,721 [INFO] 다운로드 요청: 파일=n500_6h_2026040118.gif, 주소=https://www.weather.go.kr/w/repositary/image/cht/img/kim_n500_anlmod_pb4_2026040118.gif
2026-04-02 12:57:06,765 [WARNING] 이미지 아님: content-type=text/html;charset=utf-8 주소=https://www.weather.go.kr/w/repositary/image/cht/img/kim_n500_anlmod_pb4_2026040118.gif
2026-04-02 12:57:06,766 [INFO] 다운로드 요청: 파일=n500_dif_6h_2026033118.gif, 주소=https://www.weather.go.kr/w/repositary/image/cht/img/kim_n500_difmod_pb4_2026033118.gif
2026-04-02 12:57:06,846 [INFO] 다운로드 완료: 파일=n500_dif_6h_2026033118.gif, 크기=274059
2026-04-02 12:57:06,846 [INFO] 다운로드 요청: 파일=n500_dif_6h_2026040100.gif, 주소=https://www.weather.go.kr/w/repositary/image/cht/img/kim_n500_difmod_pb4_2026040100.gif
2026-04-02 12:57:06,926 [INFO] 다운로드 완료: 파일=n500_dif_6h_2026040100.gif, 크기=272846
2026-04-02 12:57:06,926 [INFO] 다운로드 요청: 파일=n500_dif_6h_2026040106.gif, 주소=https://www.weather.go.kr/w/repositary/image/cht/img/kim_n500_difmod_pb4_2026040106.gif
2026-04-02 12:57:06,968 [WARNING] 이미지 아님: content-type=text/html;charset=utf-8 주소=https://www.weather.go.kr/w/repositary/image/cht/img/kim_n500_difmod_pb4_2026040106.gif
2026-04-02 12:57:06,968 [INFO] 다운로드 요청: 파일=n500_dif_6h_2026040112.gif, 주소=https://www.weather.go.kr/w/repositary/image/cht/img/kim_n500_difmod_pb4_2026040112.gif
2026-04-02 12:57:07,022 [WARNING] 이미지 아님: content-type=text/html;charset=utf-8 주소=https://www.weather.go.kr/w/repositary/image/cht/img/kim_n500_difmod_pb4_2026040112.gif
2026-04-02 12:57:07,023 [INFO] 다운로드 요청: 파일=n500_dif_6h_2026040118.gif, 주소=https://www.weather.go.kr/w/repositary/image/cht/img/kim_n500_difmod_pb4_2026040118.gif
2026-04-02 12:57:07,080 [WARNING] 이미지 아님: content-type=text/html;charset=utf-8 주소=https://www.weather.go.kr/w/repositary/image/cht/img/kim_n500_difmod_pb4_2026040118.gif
2026-04-02 12:57:07,081 [INFO] 다운로드 요청: 파일=gdps_axfe01_6h_2026033118.gif, 주소=https://www.weather.go.kr/w/repositary/image/cht/img/kim_gdps_anal_axfe01_pb4_2026033118.gif
2026-04-02 12:57:07,164 [INFO] 다운로드 완료: 파일=gdps_axfe01_6h_2026033118.gif, 크기=452665
2026-04-02 12:57:07,165 [INFO] 다운로드 요청: 파일=gdps_axfe01_6h_2026040100.gif, 주소=https://www.weather.go.kr/w/repositary/image/cht/img/kim_gdps_anal_axfe01_pb4_2026040100.gif
2026-04-02 12:57:07,246 [INFO] 다운로드 완료: 파일=gdps_axfe01_6h_2026040100.gif, 크기=451477
2026-04-02 12:57:07,247 [INFO] 다운로드 요청: 파일=gdps_axfe01_6h_2026040106.gif, 주소=https://www.weather.go.kr/w/repositary/image/cht/img/kim_gdps_anal_axfe01_pb4_2026040106.gif
2026-04-02 12:57:07,348 [INFO] 다운로드 완료: 파일=gdps_axfe01_6h_2026040106.gif, 크기=451680
2026-04-02 12:57:07,349 [INFO] 다운로드 요청: 파일=gdps_axfe01_6h_2026040112.gif, 주소=https://www.weather.go.kr/w/repositary/image/cht/img/kim_gdps_anal_axfe01_pb4_2026040112.gif
2026-04-02 12:57:07,454 [INFO] 다운로드 완료: 파일=gdps_axfe01_6h_2026040112.gif, 크기=455431
2026-04-02 12:57:07,454 [INFO] 다운로드 요청: 파일=gdps_axfe01_6h_2026040118.gif, 주소=https://www.weather.go.kr/w/repositary/image/cht/img/kim_gdps_anal_axfe01_pb4_2026040118.gif
2026-04-02 12:57:07,539 [INFO] 다운로드 완료: 파일=gdps_axfe01_6h_2026040118.gif, 크기=456961
2026-04-02 12:57:07,539 [INFO] 다운로드 요청: 파일=gdps_axfe02_6h_2026033118.gif, 주소=https://www.weather.go.kr/w/repositary/image/cht/img/kim_gdps_anal_axfe02_pb4_2026033118.gif
2026-04-02 12:57:07,623 [INFO] 다운로드 완료: 파일=gdps_axfe02_6h_2026033118.gif, 크기=505522
2026-04-02 12:57:07,624 [INFO] 다운로드 요청: 파일=gdps_axfe02_6h_2026040100.gif, 주소=https://www.weather.go.kr/w/repositary/image/cht/img/kim_gdps_anal_axfe02_pb4_2026040100.gif
2026-04-02 12:57:07,721 [INFO] 다운로드 완료: 파일=gdps_axfe02_6h_2026040100.gif, 크기=490998
2026-04-02 12:57:07,722 [INFO] 다운로드 요청: 파일=gdps_axfe02_6h_2026040106.gif, 주소=https://www.weather.go.kr/w/repositary/image/cht/img/kim_gdps_anal_axfe02_pb4_2026040106.gif
2026-04-02 12:57:07,822 [INFO] 다운로드 완료: 파일=gdps_axfe02_6h_2026040106.gif, 크기=483708
2026-04-02 12:57:07,823 [INFO] 다운로드 요청: 파일=gdps_axfe02_6h_2026040112.gif, 주소=https://www.weather.go.kr/w/repositary/image/cht/img/kim_gdps_anal_axfe02_pb4_2026040112.gif
2026-04-02 12:57:07,936 [INFO] 다운로드 완료: 파일=gdps_axfe02_6h_2026040112.gif, 크기=491663
2026-04-02 12:57:07,937 [INFO] 다운로드 요청: 파일=gdps_axfe02_6h_2026040118.gif, 주소=https://www.weather.go.kr/w/repositary/image/cht/img/kim_gdps_anal_axfe02_pb4_2026040118.gif
2026-04-02 12:57:08,018 [INFO] 다운로드 완료: 파일=gdps_axfe02_6h_2026040118.gif, 크기=494866
2026-04-02 12:57:08,018 [INFO] 다운로드 완료: 44
2026-04-02 12:57:08,018 [WARNING] 다운로드 실패: 51건
2026-04-02 12:57:08,027 [INFO] 복구 대기: 60초
2026-04-02 12:58:08,027 [INFO] 다운로드 요청: 파일=sfc3_3h_2026040109.gif, 주소=https://www.weather.go.kr/w/repositary/image/cht/img/kim_sfc3_anlden_pa4_2026040109.gif
2026-04-02 12:58:08,094 [WARNING] 이미지 아님: content-type=text/html;charset=utf-8 주소=https://www.weather.go.kr/w/repositary/image/cht/img/kim_sfc3_anlden_pa4_2026040109.gif
2026-04-02 12:58:08,095 [INFO] 다운로드 요청: 파일=sfc3_3h_2026040115.gif, 주소=https://www.weather.go.kr/w/repositary/image/cht/img/kim_sfc3_anlden_pa4_2026040115.gif
2026-04-02 12:58:08,146 [WARNING] 이미지 아님: content-type=text/html;charset=utf-8 주소=https://www.weather.go.kr/w/repositary/image/cht/img/kim_sfc3_anlden_pa4_2026040115.gif
2026-04-02 12:58:08,147 [INFO] 다운로드 요청: 파일=sfc3_3h_2026040118.gif, 주소=https://www.weather.go.kr/w/repositary/image/cht/img/kim_sfc3_anlden_pa4_2026040118.gif
2026-04-02 12:58:08,204 [WARNING] 이미지 아님: content-type=text/html;charset=utf-8 주소=https://www.weather.go.kr/w/repositary/image/cht/img/kim_sfc3_anlden_pa4_2026040118.gif
2026-04-02 12:58:08,205 [INFO] 다운로드 요청: 파일=up92_6h_2026040106.gif, 주소=https://www.weather.go.kr/w/repositary/image/cht/img/kim_up92_anlmod_pa4_2026040106.gif
2026-04-02 12:58:08,249 [WARNING] 이미지 아님: content-type=text/html;charset=utf-8 주소=https://www.weather.go.kr/w/repositary/image/cht/img/kim_up92_anlmod_pa4_2026040106.gif
2026-04-02 12:58:08,250 [INFO] 다운로드 요청: 파일=up85_6h_2026040106.gif, 주소=https://www.weather.go.kr/w/repositary/image/cht/img/kim_up85_anlmod_pa4_2026040106.gif
2026-04-02 12:58:08,313 [WARNING] 이미지 아님: content-type=text/html;charset=utf-8 주소=https://www.weather.go.kr/w/repositary/image/cht/img/kim_up85_anlmod_pa4_2026040106.gif
2026-04-02 12:58:08,314 [INFO] 다운로드 요청: 파일=up85_6h_2026040112.gif, 주소=https://www.weather.go.kr/w/repositary/image/cht/img/kim_up85_anlmod_pa4_2026040112.gif
2026-04-02 12:58:08,376 [WARNING] 이미지 아님: content-type=text/html;charset=utf-8 주소=https://www.weather.go.kr/w/repositary/image/cht/img/kim_up85_anlmod_pa4_2026040112.gif
2026-04-02 12:58:08,377 [INFO] 다운로드 요청: 파일=up85_6h_2026040118.gif, 주소=https://www.weather.go.kr/w/repositary/image/cht/img/kim_up85_anlmod_pa4_2026040118.gif
2026-04-02 12:58:08,419 [WARNING] 이미지 아님: content-type=text/html;charset=utf-8 주소=https://www.weather.go.kr/w/repositary/image/cht/img/kim_up85_anlmod_pa4_2026040118.gif
2026-04-02 12:58:08,420 [INFO] 다운로드 요청: 파일=up70_6h_2026040106.gif, 주소=https://www.weather.go.kr/w/repositary/image/cht/img/kim_up70_anlmod_pa4_2026040106.gif
2026-04-02 12:58:08,488 [WARNING] 이미지 아님: content-type=text/html;charset=utf-8 주소=https://www.weather.go.kr/w/repositary/image/cht/img/kim_up70_anlmod_pa4_2026040106.gif
2026-04-02 12:58:08,488 [INFO] 다운로드 요청: 파일=up70_6h_2026040118.gif, 주소=https://www.weather.go.kr/w/repositary/image/cht/img/kim_up70_anlmod_pa4_2026040118.gif
2026-04-02 12:58:08,537 [WARNING] 이미지 아님: content-type=text/html;charset=utf-8 주소=https://www.weather.go.kr/w/repositary/image/cht/img/kim_up70_anlmod_pa4_2026040118.gif
2026-04-02 12:58:08,538 [INFO] 다운로드 요청: 파일=up50_6h_2026040112.gif, 주소=https://www.weather.go.kr/w/repositary/image/cht/img/kim_up50_anlmod_pa4_2026040112.gif
2026-04-02 12:58:08,585 [WARNING] 이미지 아님: content-type=text/html;charset=utf-8 주소=https://www.weather.go.kr/w/repositary/image/cht/img/kim_up50_anlmod_pa4_2026040112.gif
2026-04-02 12:58:08,586 [INFO] 다운로드 요청: 파일=up50_6h_2026040118.gif, 주소=https://www.weather.go.kr/w/repositary/image/cht/img/kim_up50_anlmod_pa4_2026040118.gif
2026-04-02 12:58:08,628 [WARNING] 이미지 아님: content-type=text/html;charset=utf-8 주소=https://www.weather.go.kr/w/repositary/image/cht/img/kim_up50_anlmod_pa4_2026040118.gif
2026-04-02 12:58:08,629 [INFO] 다운로드 요청: 파일=up30_6h_2026040106.gif, 주소=https://www.weather.go.kr/w/repositary/image/cht/img/kim_up30_anlmod_pa4_2026040106.gif
2026-04-02 12:58:08,673 [WARNING] 이미지 아님: content-type=text/html;charset=utf-8 주소=https://www.weather.go.kr/w/repositary/image/cht/img/kim_up30_anlmod_pa4_2026040106.gif
2026-04-02 12:58:08,674 [INFO] 다운로드 요청: 파일=up30_6h_2026040112.gif, 주소=https://www.weather.go.kr/w/repositary/image/cht/img/kim_up30_anlmod_pa4_2026040112.gif
2026-04-02 12:58:08,725 [WARNING] 이미지 아님: content-type=text/html;charset=utf-8 주소=https://www.weather.go.kr/w/repositary/image/cht/img/kim_up30_anlmod_pa4_2026040112.gif
2026-04-02 12:58:08,726 [INFO] 다운로드 요청: 파일=up30_6h_2026040118.gif, 주소=https://www.weather.go.kr/w/repositary/image/cht/img/kim_up30_anlmod_pa4_2026040118.gif
2026-04-02 12:58:08,838 [WARNING] 이미지 아님: content-type=text/html;charset=utf-8 주소=https://www.weather.go.kr/w/repositary/image/cht/img/kim_up30_anlmod_pa4_2026040118.gif
2026-04-02 12:58:08,839 [INFO] 다운로드 요청: 파일=up20_6h_2026040106.gif, 주소=https://www.weather.go.kr/w/repositary/image/cht/img/kim_up20_anlmod_pa4_2026040106.gif
2026-04-02 12:58:08,913 [WARNING] 이미지 아님: content-type=text/html;charset=utf-8 주소=https://www.weather.go.kr/w/repositary/image/cht/img/kim_up20_anlmod_pa4_2026040106.gif
2026-04-02 12:58:08,914 [INFO] 다운로드 요청: 파일=up20_6h_2026040112.gif, 주소=https://www.weather.go.kr/w/repositary/image/cht/img/kim_up20_anlmod_pa4_2026040112.gif
2026-04-02 12:58:08,977 [WARNING] 이미지 아님: content-type=text/html;charset=utf-8 주소=https://www.weather.go.kr/w/repositary/image/cht/img/kim_up20_anlmod_pa4_2026040112.gif
2026-04-02 12:58:08,978 [INFO] 다운로드 요청: 파일=up20_6h_2026040118.gif, 주소=https://www.weather.go.kr/w/repositary/image/cht/img/kim_up20_anlmod_pa4_2026040118.gif
2026-04-02 12:58:09,028 [WARNING] 이미지 아님: content-type=text/html;charset=utf-8 주소=https://www.weather.go.kr/w/repositary/image/cht/img/kim_up20_anlmod_pa4_2026040118.gif
2026-04-02 12:58:09,029 [INFO] 다운로드 요청: 파일=up10_6h_2026040106.gif, 주소=https://www.weather.go.kr/w/repositary/image/cht/img/kim_up10_anlmod_pa4_2026040106.gif
2026-04-02 12:58:09,072 [WARNING] 이미지 아님: content-type=text/html;charset=utf-8 주소=https://www.weather.go.kr/w/repositary/image/cht/img/kim_up10_anlmod_pa4_2026040106.gif
2026-04-02 12:58:09,073 [INFO] 다운로드 요청: 파일=up10_6h_2026040112.gif, 주소=https://www.weather.go.kr/w/repositary/image/cht/img/kim_up10_anlmod_pa4_2026040112.gif
2026-04-02 12:58:09,118 [WARNING] 이미지 아님: content-type=text/html;charset=utf-8 주소=https://www.weather.go.kr/w/repositary/image/cht/img/kim_up10_anlmod_pa4_2026040112.gif
2026-04-02 12:58:09,119 [INFO] 다운로드 요청: 파일=surf_anl_6h_2026040106.gif, 주소=https://www.weather.go.kr/w/repositary/image/cht/img/kim_surf_newsur_pa4_2026040106.gif
2026-04-02 12:58:09,167 [WARNING] 이미지 아님: content-type=text/html;charset=utf-8 주소=https://www.weather.go.kr/w/repositary/image/cht/img/kim_surf_newsur_pa4_2026040106.gif
2026-04-02 12:58:09,168 [INFO] 다운로드 요청: 파일=surf_anl_6h_2026040112.gif, 주소=https://www.weather.go.kr/w/repositary/image/cht/img/kim_surf_newsur_pa4_2026040112.gif
2026-04-02 12:58:09,208 [WARNING] 이미지 아님: content-type=text/html;charset=utf-8 주소=https://www.weather.go.kr/w/repositary/image/cht/img/kim_surf_newsur_pa4_2026040112.gif
2026-04-02 12:58:09,209 [INFO] 다운로드 요청: 파일=surf_anl_6h_2026040118.gif, 주소=https://www.weather.go.kr/w/repositary/image/cht/img/kim_surf_newsur_pa4_2026040118.gif
2026-04-02 12:58:09,273 [WARNING] 이미지 아님: content-type=text/html;charset=utf-8 주소=https://www.weather.go.kr/w/repositary/image/cht/img/kim_surf_newsur_pa4_2026040118.gif
2026-04-02 12:58:09,274 [INFO] 다운로드 요청: 파일=kor1_anl_1h_2026040100.gif, 주소=https://www.weather.go.kr/w/repositary/image/cht/img/kor1_anlmod_pb4_2026040100.gif
2026-04-02 12:58:09,357 [WARNING] 이미지 아님: content-type=text/html;charset=utf-8 주소=https://www.weather.go.kr/w/repositary/image/cht/img/kor1_anlmod_pb4_2026040100.gif
2026-04-02 12:58:09,358 [INFO] 다운로드 요청: 파일=kor1_anl_1h_2026040101.gif, 주소=https://www.weather.go.kr/w/repositary/image/cht/img/kor1_anlmod_pb4_2026040101.gif
2026-04-02 12:58:09,410 [WARNING] 이미지 아님: content-type=text/html;charset=utf-8 주소=https://www.weather.go.kr/w/repositary/image/cht/img/kor1_anlmod_pb4_2026040101.gif
2026-04-02 12:58:09,411 [INFO] 다운로드 요청: 파일=kor1_anl_1h_2026040102.gif, 주소=https://www.weather.go.kr/w/repositary/image/cht/img/kor1_anlmod_pb4_2026040102.gif
2026-04-02 12:58:09,477 [WARNING] 이미지 아님: content-type=text/html;charset=utf-8 주소=https://www.weather.go.kr/w/repositary/image/cht/img/kor1_anlmod_pb4_2026040102.gif
2026-04-02 12:58:09,477 [INFO] 다운로드 요청: 파일=kor1_anl_1h_2026040103.gif, 주소=https://www.weather.go.kr/w/repositary/image/cht/img/kor1_anlmod_pb4_2026040103.gif
2026-04-02 12:58:09,548 [WARNING] 이미지 아님: content-type=text/html;charset=utf-8 주소=https://www.weather.go.kr/w/repositary/image/cht/img/kor1_anlmod_pb4_2026040103.gif
2026-04-02 12:58:09,549 [INFO] 다운로드 요청: 파일=kor1_anl_1h_2026040104.gif, 주소=https://www.weather.go.kr/w/repositary/image/cht/img/kor1_anlmod_pb4_2026040104.gif
2026-04-02 12:58:09,598 [WARNING] 이미지 아님: content-type=text/html;charset=utf-8 주소=https://www.weather.go.kr/w/repositary/image/cht/img/kor1_anlmod_pb4_2026040104.gif
2026-04-02 12:58:09,598 [INFO] 다운로드 요청: 파일=kor1_anl_1h_2026040105.gif, 주소=https://www.weather.go.kr/w/repositary/image/cht/img/kor1_anlmod_pb4_2026040105.gif
2026-04-02 12:58:09,667 [WARNING] 이미지 아님: content-type=text/html;charset=utf-8 주소=https://www.weather.go.kr/w/repositary/image/cht/img/kor1_anlmod_pb4_2026040105.gif
2026-04-02 12:58:09,668 [INFO] 다운로드 요청: 파일=kor1_anl_1h_2026040106.gif, 주소=https://www.weather.go.kr/w/repositary/image/cht/img/kor1_anlmod_pb4_2026040106.gif
2026-04-02 12:58:09,743 [WARNING] 이미지 아님: content-type=text/html;charset=utf-8 주소=https://www.weather.go.kr/w/repositary/image/cht/img/kor1_anlmod_pb4_2026040106.gif
2026-04-02 12:58:09,744 [INFO] 다운로드 요청: 파일=kor1_anl_1h_2026040107.gif, 주소=https://www.weather.go.kr/w/repositary/image/cht/img/kor1_anlmod_pb4_2026040107.gif
2026-04-02 12:58:09,799 [WARNING] 이미지 아님: content-type=text/html;charset=utf-8 주소=https://www.weather.go.kr/w/repositary/image/cht/img/kor1_anlmod_pb4_2026040107.gif
2026-04-02 12:58:09,799 [INFO] 다운로드 요청: 파일=kor1_anl_1h_2026040108.gif, 주소=https://www.weather.go.kr/w/repositary/image/cht/img/kor1_anlmod_pb4_2026040108.gif
2026-04-02 12:58:09,854 [WARNING] 이미지 아님: content-type=text/html;charset=utf-8 주소=https://www.weather.go.kr/w/repositary/image/cht/img/kor1_anlmod_pb4_2026040108.gif
2026-04-02 12:58:09,855 [INFO] 다운로드 요청: 파일=kor1_anl_1h_2026040109.gif, 주소=https://www.weather.go.kr/w/repositary/image/cht/img/kor1_anlmod_pb4_2026040109.gif
2026-04-02 12:58:09,918 [WARNING] 이미지 아님: content-type=text/html;charset=utf-8 주소=https://www.weather.go.kr/w/repositary/image/cht/img/kor1_anlmod_pb4_2026040109.gif
2026-04-02 12:58:09,919 [INFO] 다운로드 요청: 파일=kor1_anl_1h_2026040110.gif, 주소=https://www.weather.go.kr/w/repositary/image/cht/img/kor1_anlmod_pb4_2026040110.gif
2026-04-02 12:58:09,975 [WARNING] 이미지 아님: content-type=text/html;charset=utf-8 주소=https://www.weather.go.kr/w/repositary/image/cht/img/kor1_anlmod_pb4_2026040110.gif
2026-04-02 12:58:09,976 [INFO] 다운로드 요청: 파일=kor1_anl_1h_2026040111.gif, 주소=https://www.weather.go.kr/w/repositary/image/cht/img/kor1_anlmod_pb4_2026040111.gif
2026-04-02 12:58:10,039 [WARNING] 이미지 아님: content-type=text/html;charset=utf-8 주소=https://www.weather.go.kr/w/repositary/image/cht/img/kor1_anlmod_pb4_2026040111.gif
2026-04-02 12:58:10,040 [INFO] 다운로드 요청: 파일=kor1_anl_1h_2026040112.gif, 주소=https://www.weather.go.kr/w/repositary/image/cht/img/kor1_anlmod_pb4_2026040112.gif
2026-04-02 12:58:10,089 [WARNING] 이미지 아님: content-type=text/html;charset=utf-8 주소=https://www.weather.go.kr/w/repositary/image/cht/img/kor1_anlmod_pb4_2026040112.gif
2026-04-02 12:58:10,090 [INFO] 다운로드 요청: 파일=kor1_anl_1h_2026040113.gif, 주소=https://www.weather.go.kr/w/repositary/image/cht/img/kor1_anlmod_pb4_2026040113.gif
2026-04-02 12:58:10,139 [WARNING] 이미지 아님: content-type=text/html;charset=utf-8 주소=https://www.weather.go.kr/w/repositary/image/cht/img/kor1_anlmod_pb4_2026040113.gif
2026-04-02 12:58:10,140 [INFO] 다운로드 요청: 파일=kor1_anl_1h_2026040114.gif, 주소=https://www.weather.go.kr/w/repositary/image/cht/img/kor1_anlmod_pb4_2026040114.gif
2026-04-02 12:58:11,122 [WARNING] 이미지 아님: content-type=text/html;charset=utf-8 주소=https://www.weather.go.kr/w/repositary/image/cht/img/kor1_anlmod_pb4_2026040114.gif
2026-04-02 12:58:11,122 [INFO] 다운로드 요청: 파일=kor1_anl_1h_2026040115.gif, 주소=https://www.weather.go.kr/w/repositary/image/cht/img/kor1_anlmod_pb4_2026040115.gif
2026-04-02 12:58:11,400 [WARNING] 이미지 아님: content-type=text/html;charset=utf-8 주소=https://www.weather.go.kr/w/repositary/image/cht/img/kor1_anlmod_pb4_2026040115.gif
2026-04-02 12:58:11,400 [INFO] 다운로드 요청: 파일=kor1_anl_1h_2026040116.gif, 주소=https://www.weather.go.kr/w/repositary/image/cht/img/kor1_anlmod_pb4_2026040116.gif
2026-04-02 12:58:11,450 [WARNING] 이미지 아님: content-type=text/html;charset=utf-8 주소=https://www.weather.go.kr/w/repositary/image/cht/img/kor1_anlmod_pb4_2026040116.gif
2026-04-02 12:58:11,451 [INFO] 다운로드 요청: 파일=kor1_anl_1h_2026040117.gif, 주소=https://www.weather.go.kr/w/repositary/image/cht/img/kor1_anlmod_pb4_2026040117.gif
2026-04-02 12:58:11,508 [WARNING] 이미지 아님: content-type=text/html;charset=utf-8 주소=https://www.weather.go.kr/w/repositary/image/cht/img/kor1_anlmod_pb4_2026040117.gif
2026-04-02 12:58:11,509 [INFO] 다운로드 요청: 파일=kor1_anl_1h_2026040118.gif, 주소=https://www.weather.go.kr/w/repositary/image/cht/img/kor1_anlmod_pb4_2026040118.gif
2026-04-02 12:58:11,596 [WARNING] 이미지 아님: content-type=text/html;charset=utf-8 주소=https://www.weather.go.kr/w/repositary/image/cht/img/kor1_anlmod_pb4_2026040118.gif
2026-04-02 12:58:11,597 [INFO] 다운로드 요청: 파일=kor1_anl_1h_2026040119.gif, 주소=https://www.weather.go.kr/w/repositary/image/cht/img/kor1_anlmod_pb4_2026040119.gif
2026-04-02 12:58:11,643 [WARNING] 이미지 아님: content-type=text/html;charset=utf-8 주소=https://www.weather.go.kr/w/repositary/image/cht/img/kor1_anlmod_pb4_2026040119.gif
2026-04-02 12:58:11,644 [INFO] 다운로드 요청: 파일=kor1_anl_1h_2026040120.gif, 주소=https://www.weather.go.kr/w/repositary/image/cht/img/kor1_anlmod_pb4_2026040120.gif
2026-04-02 12:58:11,727 [WARNING] 이미지 아님: content-type=text/html;charset=utf-8 주소=https://www.weather.go.kr/w/repositary/image/cht/img/kor1_anlmod_pb4_2026040120.gif
2026-04-02 12:58:11,727 [INFO] 다운로드 요청: 파일=kor1_anl_1h_2026040121.gif, 주소=https://www.weather.go.kr/w/repositary/image/cht/img/kor1_anlmod_pb4_2026040121.gif
2026-04-02 12:58:11,778 [WARNING] 이미지 아님: content-type=text/html;charset=utf-8 주소=https://www.weather.go.kr/w/repositary/image/cht/img/kor1_anlmod_pb4_2026040121.gif
2026-04-02 12:58:11,779 [INFO] 다운로드 요청: 파일=kor1_anl_1h_2026040122.gif, 주소=https://www.weather.go.kr/w/repositary/image/cht/img/kor1_anlmod_pb4_2026040122.gif
2026-04-02 12:58:11,829 [WARNING] 이미지 아님: content-type=text/html;charset=utf-8 주소=https://www.weather.go.kr/w/repositary/image/cht/img/kor1_anlmod_pb4_2026040122.gif
2026-04-02 12:58:11,830 [INFO] 다운로드 요청: 파일=kor1_anl_1h_2026040123.gif, 주소=https://www.weather.go.kr/w/repositary/image/cht/img/kor1_anlmod_pb4_2026040123.gif
2026-04-02 12:58:11,881 [WARNING] 이미지 아님: content-type=text/html;charset=utf-8 주소=https://www.weather.go.kr/w/repositary/image/cht/img/kor1_anlmod_pb4_2026040123.gif
2026-04-02 12:58:11,881 [INFO] 다운로드 요청: 파일=n500_6h_2026040106.gif, 주소=https://www.weather.go.kr/w/repositary/image/cht/img/kim_n500_anlmod_pb4_2026040106.gif
2026-04-02 12:58:11,937 [WARNING] 이미지 아님: content-type=text/html;charset=utf-8 주소=https://www.weather.go.kr/w/repositary/image/cht/img/kim_n500_anlmod_pb4_2026040106.gif
2026-04-02 12:58:11,938 [INFO] 다운로드 요청: 파일=n500_6h_2026040118.gif, 주소=https://www.weather.go.kr/w/repositary/image/cht/img/kim_n500_anlmod_pb4_2026040118.gif
2026-04-02 12:58:11,988 [WARNING] 이미지 아님: content-type=text/html;charset=utf-8 주소=https://www.weather.go.kr/w/repositary/image/cht/img/kim_n500_anlmod_pb4_2026040118.gif
2026-04-02 12:58:11,990 [INFO] 다운로드 요청: 파일=n500_dif_6h_2026040106.gif, 주소=https://www.weather.go.kr/w/repositary/image/cht/img/kim_n500_difmod_pb4_2026040106.gif
2026-04-02 12:58:12,044 [WARNING] 이미지 아님: content-type=text/html;charset=utf-8 주소=https://www.weather.go.kr/w/repositary/image/cht/img/kim_n500_difmod_pb4_2026040106.gif
2026-04-02 12:58:12,044 [INFO] 다운로드 요청: 파일=n500_dif_6h_2026040112.gif, 주소=https://www.weather.go.kr/w/repositary/image/cht/img/kim_n500_difmod_pb4_2026040112.gif
2026-04-02 12:58:12,086 [WARNING] 이미지 아님: content-type=text/html;charset=utf-8 주소=https://www.weather.go.kr/w/repositary/image/cht/img/kim_n500_difmod_pb4_2026040112.gif
2026-04-02 12:58:12,087 [INFO] 다운로드 요청: 파일=n500_dif_6h_2026040118.gif, 주소=https://www.weather.go.kr/w/repositary/image/cht/img/kim_n500_difmod_pb4_2026040118.gif
2026-04-02 12:58:12,133 [WARNING] 이미지 아님: content-type=text/html;charset=utf-8 주소=https://www.weather.go.kr/w/repositary/image/cht/img/kim_n500_difmod_pb4_2026040118.gif
2026-04-02 12:58:12,141 [ERROR] 복구 후에도 검증 실패
2026-04-02 12:58:12,158 [WARNING] step_fail: nuri_charts_collect (code=1, elapsed=73.30s)
2026-04-02 13:03:58,443 [INFO] run_daily_start: date=2026-04-02
2026-04-02 13:03:58,443 [INFO] log_file: logs\2026-04-02\run_daily.log
2026-04-02 13:03:58,444 [INFO] step_skip: retention
2026-04-02 13:03:58,444 [INFO] step_start: asos_collect
2026-04-02 13:03:58,576 [INFO] 수집 시작: date=2026-04-02
2026-04-02 13:03:58,577 [INFO] 로그 파일: logs\2026-04-02\run_daily.log
2026-04-02 13:03:58,581 [INFO] 수집 단계=primary
2026-04-02 13:03:58,581 [INFO] 수집 시간창: startDt=20260401,startHh=07,endDt=20260402,endHh=07 (2026-04-01 07:00 ~ 2026-04-02 07:59)
2026-04-02 13:03:58,581 [INFO] 관측소 ID 개수: 95
2026-04-02 13:03:58,581 [INFO] 관측소 목록 파일: D:\99.project\03.WeatherAIBrief\config\asos_stn_ids.txt
2026-04-02 13:03:58,582 [INFO] 동일 날짜 산출물이 존재하여 스킵: 2026-04-02
2026-04-02 13:03:58,595 [INFO] step_done: asos_collect (elapsed=0.15s)
2026-04-02 13:03:58,595 [INFO] step_start: nuri_charts_collect
2026-04-02 13:03:58,727 [INFO] 날씨누리 수집 시작: date=2026-04-02
2026-04-02 13:03:58,727 [INFO] 로그 파일: logs\2026-04-02\run_daily.log
2026-04-02 13:03:58,732 [INFO] 다운로드 요청: 파일=sfc3_3h_2026040109.gif, 주소=https://www.weather.go.kr/w/repositary/image/cht/img/kim_sfc3_anlden_pa4_2026040109.gif
2026-04-02 13:03:58,999 [WARNING] 이미지 아님: content-type=text/html;charset=utf-8 주소=https://www.weather.go.kr/w/repositary/image/cht/img/kim_sfc3_anlden_pa4_2026040109.gif
2026-04-02 13:03:59,000 [INFO] 다운로드 요청: 파일=sfc3_3h_2026040115.gif, 주소=https://www.weather.go.kr/w/repositary/image/cht/img/kim_sfc3_anlden_pa4_2026040115.gif
2026-04-02 13:03:59,130 [WARNING] 이미지 아님: content-type=text/html;charset=utf-8 주소=https://www.weather.go.kr/w/repositary/image/cht/img/kim_sfc3_anlden_pa4_2026040115.gif
2026-04-02 13:03:59,131 [INFO] 다운로드 요청: 파일=sfc3_3h_2026040118.gif, 주소=https://www.weather.go.kr/w/repositary/image/cht/img/kim_sfc3_anlden_pa4_2026040118.gif
2026-04-02 13:03:59,196 [WARNING] 이미지 아님: content-type=text/html;charset=utf-8 주소=https://www.weather.go.kr/w/repositary/image/cht/img/kim_sfc3_anlden_pa4_2026040118.gif
2026-04-02 13:03:59,197 [INFO] 다운로드 요청: 파일=up92_6h_2026040106.gif, 주소=https://www.weather.go.kr/w/repositary/image/cht/img/kim_up92_anlmod_pa4_2026040106.gif
2026-04-02 13:03:59,239 [WARNING] 이미지 아님: content-type=text/html;charset=utf-8 주소=https://www.weather.go.kr/w/repositary/image/cht/img/kim_up92_anlmod_pa4_2026040106.gif
2026-04-02 13:03:59,240 [INFO] 다운로드 요청: 파일=up85_6h_2026040106.gif, 주소=https://www.weather.go.kr/w/repositary/image/cht/img/kim_up85_anlmod_pa4_2026040106.gif
2026-04-02 13:03:59,285 [WARNING] 이미지 아님: content-type=text/html;charset=utf-8 주소=https://www.weather.go.kr/w/repositary/image/cht/img/kim_up85_anlmod_pa4_2026040106.gif
2026-04-02 13:03:59,286 [INFO] 다운로드 요청: 파일=up85_6h_2026040112.gif, 주소=https://www.weather.go.kr/w/repositary/image/cht/img/kim_up85_anlmod_pa4_2026040112.gif
2026-04-02 13:03:59,331 [WARNING] 이미지 아님: content-type=text/html;charset=utf-8 주소=https://www.weather.go.kr/w/repositary/image/cht/img/kim_up85_anlmod_pa4_2026040112.gif
2026-04-02 13:03:59,332 [INFO] 다운로드 요청: 파일=up85_6h_2026040118.gif, 주소=https://www.weather.go.kr/w/repositary/image/cht/img/kim_up85_anlmod_pa4_2026040118.gif
2026-04-02 13:03:59,404 [WARNING] 이미지 아님: content-type=text/html;charset=utf-8 주소=https://www.weather.go.kr/w/repositary/image/cht/img/kim_up85_anlmod_pa4_2026040118.gif
2026-04-02 13:03:59,405 [INFO] 다운로드 요청: 파일=up70_6h_2026040106.gif, 주소=https://www.weather.go.kr/w/repositary/image/cht/img/kim_up70_anlmod_pa4_2026040106.gif
2026-04-02 13:03:59,473 [WARNING] 이미지 아님: content-type=text/html;charset=utf-8 주소=https://www.weather.go.kr/w/repositary/image/cht/img/kim_up70_anlmod_pa4_2026040106.gif
2026-04-02 13:03:59,474 [INFO] 다운로드 요청: 파일=up70_6h_2026040118.gif, 주소=https://www.weather.go.kr/w/repositary/image/cht/img/kim_up70_anlmod_pa4_2026040118.gif
2026-04-02 13:03:59,542 [WARNING] 이미지 아님: content-type=text/html;charset=utf-8 주소=https://www.weather.go.kr/w/repositary/image/cht/img/kim_up70_anlmod_pa4_2026040118.gif
2026-04-02 13:03:59,543 [INFO] 다운로드 요청: 파일=up50_6h_2026040112.gif, 주소=https://www.weather.go.kr/w/repositary/image/cht/img/kim_up50_anlmod_pa4_2026040112.gif
2026-04-02 13:03:59,590 [WARNING] 이미지 아님: content-type=text/html;charset=utf-8 주소=https://www.weather.go.kr/w/repositary/image/cht/img/kim_up50_anlmod_pa4_2026040112.gif
2026-04-02 13:03:59,590 [INFO] 다운로드 요청: 파일=up50_6h_2026040118.gif, 주소=https://www.weather.go.kr/w/repositary/image/cht/img/kim_up50_anlmod_pa4_2026040118.gif
2026-04-02 13:03:59,644 [WARNING] 이미지 아님: content-type=text/html;charset=utf-8 주소=https://www.weather.go.kr/w/repositary/image/cht/img/kim_up50_anlmod_pa4_2026040118.gif
2026-04-02 13:03:59,645 [INFO] 다운로드 요청: 파일=up30_6h_2026040106.gif, 주소=https://www.weather.go.kr/w/repositary/image/cht/img/kim_up30_anlmod_pa4_2026040106.gif
2026-04-02 13:03:59,712 [WARNING] 이미지 아님: content-type=text/html;charset=utf-8 주소=https://www.weather.go.kr/w/repositary/image/cht/img/kim_up30_anlmod_pa4_2026040106.gif
2026-04-02 13:03:59,713 [INFO] 다운로드 요청: 파일=up30_6h_2026040112.gif, 주소=https://www.weather.go.kr/w/repositary/image/cht/img/kim_up30_anlmod_pa4_2026040112.gif
2026-04-02 13:03:59,791 [WARNING] 이미지 아님: content-type=text/html;charset=utf-8 주소=https://www.weather.go.kr/w/repositary/image/cht/img/kim_up30_anlmod_pa4_2026040112.gif
2026-04-02 13:03:59,792 [INFO] 다운로드 요청: 파일=up30_6h_2026040118.gif, 주소=https://www.weather.go.kr/w/repositary/image/cht/img/kim_up30_anlmod_pa4_2026040118.gif
2026-04-02 13:03:59,883 [WARNING] 이미지 아님: content-type=text/html;charset=utf-8 주소=https://www.weather.go.kr/w/repositary/image/cht/img/kim_up30_anlmod_pa4_2026040118.gif
2026-04-02 13:03:59,884 [INFO] 다운로드 요청: 파일=up20_6h_2026040106.gif, 주소=https://www.weather.go.kr/w/repositary/image/cht/img/kim_up20_anlmod_pa4_2026040106.gif
2026-04-02 13:03:59,938 [WARNING] 이미지 아님: content-type=text/html;charset=utf-8 주소=https://www.weather.go.kr/w/repositary/image/cht/img/kim_up20_anlmod_pa4_2026040106.gif
2026-04-02 13:03:59,939 [INFO] 다운로드 요청: 파일=up20_6h_2026040112.gif, 주소=https://www.weather.go.kr/w/repositary/image/cht/img/kim_up20_anlmod_pa4_2026040112.gif
2026-04-02 13:03:59,989 [WARNING] 이미지 아님: content-type=text/html;charset=utf-8 주소=https://www.weather.go.kr/w/repositary/image/cht/img/kim_up20_anlmod_pa4_2026040112.gif
2026-04-02 13:03:59,990 [INFO] 다운로드 요청: 파일=up20_6h_2026040118.gif, 주소=https://www.weather.go.kr/w/repositary/image/cht/img/kim_up20_anlmod_pa4_2026040118.gif
2026-04-02 13:04:00,073 [WARNING] 이미지 아님: content-type=text/html;charset=utf-8 주소=https://www.weather.go.kr/w/repositary/image/cht/img/kim_up20_anlmod_pa4_2026040118.gif
2026-04-02 13:04:00,074 [INFO] 다운로드 요청: 파일=up10_6h_2026040106.gif, 주소=https://www.weather.go.kr/w/repositary/image/cht/img/kim_up10_anlmod_pa4_2026040106.gif
2026-04-02 13:04:00,153 [WARNING] 이미지 아님: content-type=text/html;charset=utf-8 주소=https://www.weather.go.kr/w/repositary/image/cht/img/kim_up10_anlmod_pa4_2026040106.gif
2026-04-02 13:04:00,154 [INFO] 다운로드 요청: 파일=up10_6h_2026040112.gif, 주소=https://www.weather.go.kr/w/repositary/image/cht/img/kim_up10_anlmod_pa4_2026040112.gif
2026-04-02 13:04:00,209 [WARNING] 이미지 아님: content-type=text/html;charset=utf-8 주소=https://www.weather.go.kr/w/repositary/image/cht/img/kim_up10_anlmod_pa4_2026040112.gif
2026-04-02 13:04:00,210 [INFO] 다운로드 요청: 파일=surf_anl_6h_2026040106.gif, 주소=https://www.weather.go.kr/w/repositary/image/cht/img/kim_surf_newsur_pa4_2026040106.gif
2026-04-02 13:04:00,259 [WARNING] 이미지 아님: content-type=text/html;charset=utf-8 주소=https://www.weather.go.kr/w/repositary/image/cht/img/kim_surf_newsur_pa4_2026040106.gif
2026-04-02 13:04:00,260 [INFO] 다운로드 요청: 파일=surf_anl_6h_2026040112.gif, 주소=https://www.weather.go.kr/w/repositary/image/cht/img/kim_surf_newsur_pa4_2026040112.gif
2026-04-02 13:04:00,350 [WARNING] 이미지 아님: content-type=text/html;charset=utf-8 주소=https://www.weather.go.kr/w/repositary/image/cht/img/kim_surf_newsur_pa4_2026040112.gif
2026-04-02 13:04:00,351 [INFO] 다운로드 요청: 파일=surf_anl_6h_2026040118.gif, 주소=https://www.weather.go.kr/w/repositary/image/cht/img/kim_surf_newsur_pa4_2026040118.gif
2026-04-02 13:04:00,404 [WARNING] 이미지 아님: content-type=text/html;charset=utf-8 주소=https://www.weather.go.kr/w/repositary/image/cht/img/kim_surf_newsur_pa4_2026040118.gif
2026-04-02 13:04:00,405 [INFO] 다운로드 요청: 파일=kor1_anl_1h_2026040100.gif, 주소=https://www.weather.go.kr/w/repositary/image/cht/img/kor1_anlmod_pb4_2026040100.gif
2026-04-02 13:04:00,450 [WARNING] 이미지 아님: content-type=text/html;charset=utf-8 주소=https://www.weather.go.kr/w/repositary/image/cht/img/kor1_anlmod_pb4_2026040100.gif
2026-04-02 13:04:00,450 [INFO] 다운로드 요청: 파일=kor1_anl_1h_2026040101.gif, 주소=https://www.weather.go.kr/w/repositary/image/cht/img/kor1_anlmod_pb4_2026040101.gif
2026-04-02 13:04:00,506 [WARNING] 이미지 아님: content-type=text/html;charset=utf-8 주소=https://www.weather.go.kr/w/repositary/image/cht/img/kor1_anlmod_pb4_2026040101.gif
2026-04-02 13:04:00,507 [INFO] 다운로드 요청: 파일=kor1_anl_1h_2026040102.gif, 주소=https://www.weather.go.kr/w/repositary/image/cht/img/kor1_anlmod_pb4_2026040102.gif
2026-04-02 13:04:00,563 [WARNING] 이미지 아님: content-type=text/html;charset=utf-8 주소=https://www.weather.go.kr/w/repositary/image/cht/img/kor1_anlmod_pb4_2026040102.gif
2026-04-02 13:04:00,564 [INFO] 다운로드 요청: 파일=kor1_anl_1h_2026040103.gif, 주소=https://www.weather.go.kr/w/repositary/image/cht/img/kor1_anlmod_pb4_2026040103.gif
2026-04-02 13:04:00,613 [WARNING] 이미지 아님: content-type=text/html;charset=utf-8 주소=https://www.weather.go.kr/w/repositary/image/cht/img/kor1_anlmod_pb4_2026040103.gif
2026-04-02 13:04:00,613 [INFO] 다운로드 요청: 파일=kor1_anl_1h_2026040104.gif, 주소=https://www.weather.go.kr/w/repositary/image/cht/img/kor1_anlmod_pb4_2026040104.gif
2026-04-02 13:04:00,662 [WARNING] 이미지 아님: content-type=text/html;charset=utf-8 주소=https://www.weather.go.kr/w/repositary/image/cht/img/kor1_anlmod_pb4_2026040104.gif
2026-04-02 13:04:00,662 [INFO] 다운로드 요청: 파일=kor1_anl_1h_2026040105.gif, 주소=https://www.weather.go.kr/w/repositary/image/cht/img/kor1_anlmod_pb4_2026040105.gif
2026-04-02 13:04:00,718 [WARNING] 이미지 아님: content-type=text/html;charset=utf-8 주소=https://www.weather.go.kr/w/repositary/image/cht/img/kor1_anlmod_pb4_2026040105.gif
2026-04-02 13:04:00,719 [INFO] 다운로드 요청: 파일=kor1_anl_1h_2026040106.gif, 주소=https://www.weather.go.kr/w/repositary/image/cht/img/kor1_anlmod_pb4_2026040106.gif
2026-04-02 13:04:00,793 [WARNING] 이미지 아님: content-type=text/html;charset=utf-8 주소=https://www.weather.go.kr/w/repositary/image/cht/img/kor1_anlmod_pb4_2026040106.gif
2026-04-02 13:04:00,794 [INFO] 다운로드 요청: 파일=kor1_anl_1h_2026040107.gif, 주소=https://www.weather.go.kr/w/repositary/image/cht/img/kor1_anlmod_pb4_2026040107.gif
2026-04-02 13:04:00,868 [WARNING] 이미지 아님: content-type=text/html;charset=utf-8 주소=https://www.weather.go.kr/w/repositary/image/cht/img/kor1_anlmod_pb4_2026040107.gif
2026-04-02 13:04:00,869 [INFO] 다운로드 요청: 파일=kor1_anl_1h_2026040108.gif, 주소=https://www.weather.go.kr/w/repositary/image/cht/img/kor1_anlmod_pb4_2026040108.gif
2026-04-02 13:04:00,936 [WARNING] 이미지 아님: content-type=text/html;charset=utf-8 주소=https://www.weather.go.kr/w/repositary/image/cht/img/kor1_anlmod_pb4_2026040108.gif
2026-04-02 13:04:00,937 [INFO] 다운로드 요청: 파일=kor1_anl_1h_2026040109.gif, 주소=https://www.weather.go.kr/w/repositary/image/cht/img/kor1_anlmod_pb4_2026040109.gif
2026-04-02 13:04:01,009 [WARNING] 이미지 아님: content-type=text/html;charset=utf-8 주소=https://www.weather.go.kr/w/repositary/image/cht/img/kor1_anlmod_pb4_2026040109.gif
2026-04-02 13:04:01,009 [INFO] 다운로드 요청: 파일=kor1_anl_1h_2026040110.gif, 주소=https://www.weather.go.kr/w/repositary/image/cht/img/kor1_anlmod_pb4_2026040110.gif
2026-04-02 13:04:01,073 [WARNING] 이미지 아님: content-type=text/html;charset=utf-8 주소=https://www.weather.go.kr/w/repositary/image/cht/img/kor1_anlmod_pb4_2026040110.gif
2026-04-02 13:04:01,074 [INFO] 다운로드 요청: 파일=kor1_anl_1h_2026040111.gif, 주소=https://www.weather.go.kr/w/repositary/image/cht/img/kor1_anlmod_pb4_2026040111.gif
2026-04-02 13:04:01,127 [WARNING] 이미지 아님: content-type=text/html;charset=utf-8 주소=https://www.weather.go.kr/w/repositary/image/cht/img/kor1_anlmod_pb4_2026040111.gif
2026-04-02 13:04:01,128 [INFO] 다운로드 요청: 파일=kor1_anl_1h_2026040112.gif, 주소=https://www.weather.go.kr/w/repositary/image/cht/img/kor1_anlmod_pb4_2026040112.gif
2026-04-02 13:04:01,178 [WARNING] 이미지 아님: content-type=text/html;charset=utf-8 주소=https://www.weather.go.kr/w/repositary/image/cht/img/kor1_anlmod_pb4_2026040112.gif
2026-04-02 13:04:01,179 [INFO] 다운로드 요청: 파일=kor1_anl_1h_2026040113.gif, 주소=https://www.weather.go.kr/w/repositary/image/cht/img/kor1_anlmod_pb4_2026040113.gif
2026-04-02 13:04:01,233 [WARNING] 이미지 아님: content-type=text/html;charset=utf-8 주소=https://www.weather.go.kr/w/repositary/image/cht/img/kor1_anlmod_pb4_2026040113.gif
2026-04-02 13:04:01,234 [INFO] 다운로드 요청: 파일=kor1_anl_1h_2026040114.gif, 주소=https://www.weather.go.kr/w/repositary/image/cht/img/kor1_anlmod_pb4_2026040114.gif
2026-04-02 13:04:01,275 [WARNING] 이미지 아님: content-type=text/html;charset=utf-8 주소=https://www.weather.go.kr/w/repositary/image/cht/img/kor1_anlmod_pb4_2026040114.gif
2026-04-02 13:04:01,276 [INFO] 다운로드 요청: 파일=kor1_anl_1h_2026040115.gif, 주소=https://www.weather.go.kr/w/repositary/image/cht/img/kor1_anlmod_pb4_2026040115.gif
2026-04-02 13:04:01,329 [WARNING] 이미지 아님: content-type=text/html;charset=utf-8 주소=https://www.weather.go.kr/w/repositary/image/cht/img/kor1_anlmod_pb4_2026040115.gif
2026-04-02 13:04:01,330 [INFO] 다운로드 요청: 파일=kor1_anl_1h_2026040116.gif, 주소=https://www.weather.go.kr/w/repositary/image/cht/img/kor1_anlmod_pb4_2026040116.gif
2026-04-02 13:04:01,396 [WARNING] 이미지 아님: content-type=text/html;charset=utf-8 주소=https://www.weather.go.kr/w/repositary/image/cht/img/kor1_anlmod_pb4_2026040116.gif
2026-04-02 13:04:01,396 [INFO] 다운로드 요청: 파일=kor1_anl_1h_2026040117.gif, 주소=https://www.weather.go.kr/w/repositary/image/cht/img/kor1_anlmod_pb4_2026040117.gif
2026-04-02 13:04:01,466 [WARNING] 이미지 아님: content-type=text/html;charset=utf-8 주소=https://www.weather.go.kr/w/repositary/image/cht/img/kor1_anlmod_pb4_2026040117.gif
2026-04-02 13:04:01,466 [INFO] 다운로드 요청: 파일=kor1_anl_1h_2026040118.gif, 주소=https://www.weather.go.kr/w/repositary/image/cht/img/kor1_anlmod_pb4_2026040118.gif
2026-04-02 13:04:01,535 [WARNING] 이미지 아님: content-type=text/html;charset=utf-8 주소=https://www.weather.go.kr/w/repositary/image/cht/img/kor1_anlmod_pb4_2026040118.gif
2026-04-02 13:04:01,536 [INFO] 다운로드 요청: 파일=kor1_anl_1h_2026040119.gif, 주소=https://www.weather.go.kr/w/repositary/image/cht/img/kor1_anlmod_pb4_2026040119.gif
2026-04-02 13:04:01,600 [WARNING] 이미지 아님: content-type=text/html;charset=utf-8 주소=https://www.weather.go.kr/w/repositary/image/cht/img/kor1_anlmod_pb4_2026040119.gif
2026-04-02 13:04:01,600 [INFO] 다운로드 요청: 파일=kor1_anl_1h_2026040120.gif, 주소=https://www.weather.go.kr/w/repositary/image/cht/img/kor1_anlmod_pb4_2026040120.gif
2026-04-02 13:04:01,656 [WARNING] 이미지 아님: content-type=text/html;charset=utf-8 주소=https://www.weather.go.kr/w/repositary/image/cht/img/kor1_anlmod_pb4_2026040120.gif
2026-04-02 13:04:01,657 [INFO] 다운로드 요청: 파일=kor1_anl_1h_2026040121.gif, 주소=https://www.weather.go.kr/w/repositary/image/cht/img/kor1_anlmod_pb4_2026040121.gif
2026-04-02 13:04:01,725 [WARNING] 이미지 아님: content-type=text/html;charset=utf-8 주소=https://www.weather.go.kr/w/repositary/image/cht/img/kor1_anlmod_pb4_2026040121.gif
2026-04-02 13:04:01,726 [INFO] 다운로드 요청: 파일=kor1_anl_1h_2026040122.gif, 주소=https://www.weather.go.kr/w/repositary/image/cht/img/kor1_anlmod_pb4_2026040122.gif
2026-04-02 13:04:01,781 [WARNING] 이미지 아님: content-type=text/html;charset=utf-8 주소=https://www.weather.go.kr/w/repositary/image/cht/img/kor1_anlmod_pb4_2026040122.gif
2026-04-02 13:04:01,781 [INFO] 다운로드 요청: 파일=kor1_anl_1h_2026040123.gif, 주소=https://www.weather.go.kr/w/repositary/image/cht/img/kor1_anlmod_pb4_2026040123.gif
2026-04-02 13:04:01,845 [WARNING] 이미지 아님: content-type=text/html;charset=utf-8 주소=https://www.weather.go.kr/w/repositary/image/cht/img/kor1_anlmod_pb4_2026040123.gif
2026-04-02 13:04:01,846 [INFO] 다운로드 요청: 파일=n500_6h_2026040106.gif, 주소=https://www.weather.go.kr/w/repositary/image/cht/img/kim_n500_anlmod_pb4_2026040106.gif
2026-04-02 13:04:01,891 [WARNING] 이미지 아님: content-type=text/html;charset=utf-8 주소=https://www.weather.go.kr/w/repositary/image/cht/img/kim_n500_anlmod_pb4_2026040106.gif
2026-04-02 13:04:01,893 [INFO] 다운로드 요청: 파일=n500_6h_2026040118.gif, 주소=https://www.weather.go.kr/w/repositary/image/cht/img/kim_n500_anlmod_pb4_2026040118.gif
2026-04-02 13:04:01,958 [WARNING] 이미지 아님: content-type=text/html;charset=utf-8 주소=https://www.weather.go.kr/w/repositary/image/cht/img/kim_n500_anlmod_pb4_2026040118.gif
2026-04-02 13:04:01,959 [INFO] 다운로드 요청: 파일=n500_dif_6h_2026040106.gif, 주소=https://www.weather.go.kr/w/repositary/image/cht/img/kim_n500_difmod_pb4_2026040106.gif
2026-04-02 13:04:02,013 [WARNING] 이미지 아님: content-type=text/html;charset=utf-8 주소=https://www.weather.go.kr/w/repositary/image/cht/img/kim_n500_difmod_pb4_2026040106.gif
2026-04-02 13:04:02,014 [INFO] 다운로드 요청: 파일=n500_dif_6h_2026040112.gif, 주소=https://www.weather.go.kr/w/repositary/image/cht/img/kim_n500_difmod_pb4_2026040112.gif
2026-04-02 13:04:02,090 [WARNING] 이미지 아님: content-type=text/html;charset=utf-8 주소=https://www.weather.go.kr/w/repositary/image/cht/img/kim_n500_difmod_pb4_2026040112.gif
2026-04-02 13:04:02,091 [INFO] 다운로드 요청: 파일=n500_dif_6h_2026040118.gif, 주소=https://www.weather.go.kr/w/repositary/image/cht/img/kim_n500_difmod_pb4_2026040118.gif
2026-04-02 13:04:02,141 [WARNING] 이미지 아님: content-type=text/html;charset=utf-8 주소=https://www.weather.go.kr/w/repositary/image/cht/img/kim_n500_difmod_pb4_2026040118.gif
2026-04-02 13:04:02,143 [INFO] 다운로드 완료: 0
2026-04-02 13:04:02,143 [WARNING] 다운로드 실패: 51건
2026-04-02 13:04:02,152 [INFO] 복구 대기: 60초
