2026-04-02 21:36:27,826 [INFO] 검증 시작
2026-04-02 21:36:27,827 [INFO] 로그 파일: logs\2026-04-02\verify.log
2026-04-02 21:36:27,841 [INFO] 컬럼 선택
2026-04-02 21:36:27,841 [INFO] raw 관측소 컬럼: stnId (매칭: ['stnId', 'stnId', 'stnId'])
2026-04-02 21:36:27,842 [INFO] raw 시간 컬럼: tm (매칭: ['tm'])
2026-04-02 21:36:27,842 [INFO] curated 관측소 컬럼: stnId (매칭: ['stnId', 'stnId', 'stnId'])
2026-04-02 21:36:27,852 [INFO] 검증 요약
2026-04-02 21:36:27,853 [INFO] 기준 날짜: 2026-04-02
2026-04-02 21:36:27,853 [INFO] raw 경로: \\?\D:\99.project\03.WeatherAIBrief\dain\2026-04-02\asos\asos_hourly.csv
2026-04-02 21:36:27,853 [INFO] curated 경로: \\?\D:\99.project\03.WeatherAIBrief\dain\2026-04-02\curated\asos\asos_daily_summary.csv
2026-04-02 21:36:27,853 [INFO] 예상 관측소 수: 95
2026-04-02 21:36:27,854 [INFO] raw 행 수(헤더 제외): 2374
2026-04-02 21:36:27,854 [INFO] raw 관측소 고유 수: 95
2026-04-02 21:36:27,854 [INFO] 관측소/시간 조합 수: 2374
2026-04-02 21:36:27,854 [INFO] 조합 최대 중복 수: 1
2026-04-02 21:36:27,854 [INFO] curated 관측소 고유 수: 95
2026-04-02 21:36:27,855 [INFO] 스팟체크 관측소: ['90', '93', '95']
2026-04-02 21:36:27,855 [INFO] 스팟체크 비교 수: 132
2026-04-02 21:36:27,855 [INFO] 스팟체크 결과: 성공
2026-04-02 21:36:27,855 [INFO] 검증 결과: 실패
2026-04-02 21:36:27,856 [ERROR] 실패: 누락 키: 1
