2026-04-10 11:51:25,708 [INFO] 수집 시작: input=2026040900 storage_date=20260409
2026-04-10 11:51:25,708 [INFO] 로그 파일: logs\20260409\collect_asos.log
2026-04-10 11:51:25,710 [INFO] 수집 단계=primary
2026-04-10 11:51:25,710 [INFO] 기준 synoptic UTC 선택: 2026-04-09 00:00 UTC
2026-04-10 11:51:25,711 [INFO] 기준 선택 방식: explicit_utc_cycle
2026-04-10 11:51:25,711 [INFO] 수집 시간창: startDt=20260409,startHh=09,endDt=20260409,endHh=09 (20260409 09:00 ~ 20260409 09:00)
2026-04-10 11:51:25,711 [INFO] 관측소 ID 개수: 95
2026-04-10 11:51:25,711 [INFO] 관측소 목록 파일: D:\99.project\03.WeatherAIBrief\config\asos_stn_ids.txt
2026-04-10 11:51:25,712 [INFO] 일괄 호출 시작: stn_id 개수=95, tm1=202604090900, tm2=202604090900
2026-04-10 11:51:25,712 [INFO] 요청 주소: https://apihub.kma.go.kr/api/typ01/url/kma_sfctm3.php?authKey=wf%2A%2A%2A%2AoA&tm1=202604090900&tm2=202604090900&stn_id=90,93,95,98,99,100,101,102,104,105,106,108,112,114,115,119,121,127,129,130,131,133,135,136,137,138,140,143,146,152,155,156,159,162,165,168,169,170,172,174,177,184,185,188,189,192,201,202,203,211,212,216,217,221,226,232,235,236,238,239,243,244,245,247,248,251,252,253,254,255,257,258,259,260,261,262,263,264,266,268,271,272,273,276,277,278,279,281,283,284,285,288,289,294,295
2026-04-10 11:51:26,505 [INFO] 일괄 호출 성공: 수집 건수=97
2026-04-10 11:51:26,506 [INFO] 수집 결과 건수: 97
2026-04-10 11:51:26,506 [WARNING] 요청 목록 외/무효 지점 행 제외(primary): 2건
2026-04-10 11:51:26,506 [INFO] 필터 적용 후 수집 건수: 95
2026-04-10 11:51:26,510 [INFO] raw 저장 완료: D:\99.project\03.WeatherAIBrief\dain\20260409\asos\asos_hourly.csv
2026-04-10 11:51:26,517 [INFO] curated 저장 완료: D:\99.project\03.WeatherAIBrief\dain\20260409\curated\asos\asos_daily_summary.csv
2026-04-10 11:51:26,855 [INFO] primary 검증 PASS
2026-04-10 11:52:50,702 [INFO] 수집 시작: input=2026040912 storage_date=20260409
2026-04-10 11:52:50,703 [INFO] 로그 파일: logs\20260409\collect_asos.log
2026-04-10 11:52:50,704 [INFO] 수집 단계=primary
2026-04-10 11:52:50,704 [INFO] 기준 synoptic UTC 선택: 2026-04-09 12:00 UTC
2026-04-10 11:52:50,704 [INFO] 기준 선택 방식: explicit_utc_cycle
2026-04-10 11:52:50,705 [INFO] 수집 시간창: startDt=20260409,startHh=21,endDt=20260409,endHh=21 (20260409 21:00 ~ 20260409 21:00)
2026-04-10 11:52:50,705 [INFO] 관측소 ID 개수: 95
2026-04-10 11:52:50,705 [INFO] 관측소 목록 파일: D:\99.project\03.WeatherAIBrief\config\asos_stn_ids.txt
2026-04-10 11:52:50,705 [INFO] 일괄 호출 시작: stn_id 개수=95, tm1=202604092100, tm2=202604092100
2026-04-10 11:52:50,705 [INFO] 요청 주소: https://apihub.kma.go.kr/api/typ01/url/kma_sfctm3.php?authKey=wf%2A%2A%2A%2AoA&tm1=202604092100&tm2=202604092100&stn_id=90,93,95,98,99,100,101,102,104,105,106,108,112,114,115,119,121,127,129,130,131,133,135,136,137,138,140,143,146,152,155,156,159,162,165,168,169,170,172,174,177,184,185,188,189,192,201,202,203,211,212,216,217,221,226,232,235,236,238,239,243,244,245,247,248,251,252,253,254,255,257,258,259,260,261,262,263,264,266,268,271,272,273,276,277,278,279,281,283,284,285,288,289,294,295
2026-04-10 11:52:52,610 [INFO] 일괄 호출 성공: 수집 건수=97
2026-04-10 11:52:52,610 [INFO] 수집 결과 건수: 97
2026-04-10 11:52:52,611 [WARNING] 요청 목록 외/무효 지점 행 제외(primary): 2건
2026-04-10 11:52:52,611 [INFO] 필터 적용 후 수집 건수: 95
2026-04-10 11:52:52,614 [INFO] explicit cycle merge: before=95, new=95, after=190, dedup_removed=0
2026-04-10 11:52:52,620 [INFO] raw 저장 완료: D:\99.project\03.WeatherAIBrief\dain\20260409\asos\asos_hourly.csv
2026-04-10 11:52:52,628 [INFO] curated 저장 완료: D:\99.project\03.WeatherAIBrief\dain\20260409\curated\asos\asos_daily_summary.csv
2026-04-10 11:52:52,708 [INFO] primary 검증 PASS
2026-04-10 13:03:09,603 [INFO] 수집 시작: input=2026040900 storage_date=20260409
2026-04-10 13:03:09,603 [INFO] 로그 파일: logs\20260409\collect_asos.log
2026-04-10 13:03:09,605 [INFO] 수집 단계=primary
2026-04-10 13:03:09,605 [INFO] 기준 synoptic UTC 선택: 2026-04-09 00:00 UTC
2026-04-10 13:03:09,605 [INFO] 기준 선택 방식: explicit_utc_cycle
2026-04-10 13:03:09,605 [INFO] 수집 시간창: startDt=20260409,startHh=09,endDt=20260409,endHh=09 (20260409 09:00 ~ 20260409 09:00)
2026-04-10 13:03:09,605 [INFO] 관측소 ID 개수: 95
2026-04-10 13:03:09,605 [INFO] 관측소 목록 파일: D:\99.project\03.WeatherAIBrief\config\asos_stn_ids.txt
2026-04-10 13:03:09,605 [INFO] 일괄 호출 시작: stn_id 개수=95, tm1=202604090900, tm2=202604090900
2026-04-10 13:03:09,605 [INFO] 요청 주소: https://apihub.kma.go.kr/api/typ01/url/kma_sfctm3.php?authKey=wf%2A%2A%2A%2AoA&tm1=202604090900&tm2=202604090900&stn_id=90,93,95,98,99,100,101,102,104,105,106,108,112,114,115,119,121,127,129,130,131,133,135,136,137,138,140,143,146,152,155,156,159,162,165,168,169,170,172,174,177,184,185,188,189,192,201,202,203,211,212,216,217,221,226,232,235,236,238,239,243,244,245,247,248,251,252,253,254,255,257,258,259,260,261,262,263,264,266,268,271,272,273,276,277,278,279,281,283,284,285,288,289,294,295
2026-04-10 13:03:10,009 [INFO] 일괄 호출 성공: 수집 건수=97
2026-04-10 13:03:10,009 [INFO] 수집 결과 건수: 97
2026-04-10 13:03:10,009 [WARNING] 요청 목록 외/무효 지점 행 제외(primary): 2건
2026-04-10 13:03:10,010 [INFO] 필터 적용 후 수집 건수: 95
2026-04-10 13:03:10,012 [INFO] explicit cycle merge: before=190, new=95, after=190, dedup_removed=95
2026-04-10 13:03:10,017 [INFO] raw 저장 완료: D:\99.project\03.WeatherAIBrief\dain\20260409\asos\asos_hourly.csv
2026-04-10 13:03:10,024 [INFO] curated 저장 완료: D:\99.project\03.WeatherAIBrief\dain\20260409\curated\asos\asos_daily_summary.csv
2026-04-10 13:03:10,116 [INFO] primary 검증 PASS
2026-04-10 13:03:16,897 [INFO] 수집 시작: input=2026040912 storage_date=20260409
2026-04-10 13:03:16,897 [INFO] 로그 파일: logs\20260409\collect_asos.log
2026-04-10 13:03:16,898 [INFO] 수집 단계=primary
2026-04-10 13:03:16,899 [INFO] 기준 synoptic UTC 선택: 2026-04-09 12:00 UTC
2026-04-10 13:03:16,899 [INFO] 기준 선택 방식: explicit_utc_cycle
2026-04-10 13:03:16,899 [INFO] 수집 시간창: startDt=20260409,startHh=21,endDt=20260409,endHh=21 (20260409 21:00 ~ 20260409 21:00)
2026-04-10 13:03:16,899 [INFO] 관측소 ID 개수: 95
2026-04-10 13:03:16,899 [INFO] 관측소 목록 파일: D:\99.project\03.WeatherAIBrief\config\asos_stn_ids.txt
2026-04-10 13:03:16,899 [INFO] 일괄 호출 시작: stn_id 개수=95, tm1=202604092100, tm2=202604092100
2026-04-10 13:03:16,899 [INFO] 요청 주소: https://apihub.kma.go.kr/api/typ01/url/kma_sfctm3.php?authKey=wf%2A%2A%2A%2AoA&tm1=202604092100&tm2=202604092100&stn_id=90,93,95,98,99,100,101,102,104,105,106,108,112,114,115,119,121,127,129,130,131,133,135,136,137,138,140,143,146,152,155,156,159,162,165,168,169,170,172,174,177,184,185,188,189,192,201,202,203,211,212,216,217,221,226,232,235,236,238,239,243,244,245,247,248,251,252,253,254,255,257,258,259,260,261,262,263,264,266,268,271,272,273,276,277,278,279,281,283,284,285,288,289,294,295
2026-04-10 13:03:17,154 [INFO] 일괄 호출 성공: 수집 건수=97
2026-04-10 13:03:17,155 [INFO] 수집 결과 건수: 97
2026-04-10 13:03:17,155 [WARNING] 요청 목록 외/무효 지점 행 제외(primary): 2건
2026-04-10 13:03:17,155 [INFO] 필터 적용 후 수집 건수: 95
2026-04-10 13:03:17,157 [INFO] explicit cycle merge: before=190, new=95, after=190, dedup_removed=95
2026-04-10 13:03:17,162 [INFO] raw 저장 완료: D:\99.project\03.WeatherAIBrief\dain\20260409\asos\asos_hourly.csv
2026-04-10 13:03:17,170 [INFO] curated 저장 완료: D:\99.project\03.WeatherAIBrief\dain\20260409\curated\asos\asos_daily_summary.csv
2026-04-10 13:03:17,253 [INFO] primary 검증 PASS
